  [1m[35m (0.1ms)[0m  [1m[34mSELECT sqlite_version(*)[0m
  â†³ bin/rails:9
  [1m[35m (1.0ms)[0m  [1m[35mCREATE TABLE "schema_migrations" ("version" varchar NOT NULL PRIMARY KEY)[0m
  â†³ bin/rails:9
  [1m[35m (1.0ms)[0m  [1m[35mCREATE TABLE "ar_internal_metadata" ("key" varchar NOT NULL PRIMARY KEY, "value" varchar, "created_at" datetime NOT NULL, "updated_at" datetime NOT NULL)[0m
  â†³ bin/rails:9
  [1m[35m (0.2ms)[0m  [1m[34mSELECT "schema_migrations"."version" FROM "schema_migrations" ORDER BY "schema_migrations"."version" ASC[0m
  â†³ bin/rails:9
Migrating to CreateBooks (20190606021318)
  [1m[35m (0.1ms)[0m  [1m[36mbegin transaction[0m
  â†³ bin/rails:9
  [1m[35m (0.5ms)[0m  [1m[35mCREATE TABLE "books" ("id" integer PRIMARY KEY AUTOINCREMENT NOT NULL, "title" varchar, "memo" text, "created_at" datetime NOT NULL, "updated_at" datetime NOT NULL)[0m
  â†³ db/migrate/20190606021318_create_books.rb:3
  [1m[36mActiveRecord::SchemaMigration Create (0.1ms)[0m  [1m[32mINSERT INTO "schema_migrations" ("version") VALUES (?)[0m  [["version", "20190606021318"]]
  â†³ bin/rails:9
  [1m[35m (0.7ms)[0m  [1m[36mcommit transaction[0m
  â†³ bin/rails:9
  [1m[36mActiveRecord::InternalMetadata Load (0.2ms)[0m  [1m[34mSELECT  "ar_internal_metadata".* FROM "ar_internal_metadata" WHERE "ar_internal_metadata"."key" = ? LIMIT ?[0m  [["key", "environment"], ["LIMIT", 1]]
  â†³ bin/rails:9
  [1m[35m (0.1ms)[0m  [1m[36mbegin transaction[0m
  â†³ bin/rails:9
  [1m[36mActiveRecord::InternalMetadata Create (0.3ms)[0m  [1m[32mINSERT INTO "ar_internal_metadata" ("key", "value", "created_at", "updated_at") VALUES (?, ?, ?, ?)[0m  [["key", "environment"], ["value", "development"], ["created_at", "2019-06-06 02:13:27.148307"], ["updated_at", "2019-06-06 02:13:27.148307"]]
  â†³ bin/rails:9
  [1m[35m (0.6ms)[0m  [1m[36mcommit transaction[0m
  â†³ bin/rails:9
  [1m[35m (0.1ms)[0m  [1m[34mSELECT "schema_migrations"."version" FROM "schema_migrations" ORDER BY "schema_migrations"."version" ASC[0m
  â†³ bin/rails:9
Started GET "/" for ::1 at 2019-06-06 11:13:41 +0900
  [1m[35m (0.2ms)[0m  [1m[34mSELECT "schema_migrations"."version" FROM "schema_migrations" ORDER BY "schema_migrations"."version" ASC[0m
  â†³ /Users/chiharu.yasuda/.rbenv/versions/2.6.3/lib/ruby/gems/2.6.0/gems/activerecord-5.2.3/lib/active_record/log_subscriber.rb:98
Processing by Rails::WelcomeController#index as HTML
  Rendering /Users/chiharu.yasuda/.rbenv/versions/2.6.3/lib/ruby/gems/2.6.0/gems/railties-5.2.3/lib/rails/templates/rails/welcome/index.html.erb
  Rendered /Users/chiharu.yasuda/.rbenv/versions/2.6.3/lib/ruby/gems/2.6.0/gems/railties-5.2.3/lib/rails/templates/rails/welcome/index.html.erb (4.2ms)
Completed 200 OK in 19ms (Views: 9.8ms | ActiveRecord: 0.0ms)


Started GET "/books" for ::1 at 2019-06-06 11:13:49 +0900
Processing by BooksController#index as HTML
  Rendering books/index.html.erb within layouts/application
  [1m[36mBook Load (0.2ms)[0m  [1m[34mSELECT "books".* FROM "books"[0m
  â†³ app/views/books/index.html.erb:15
  Rendered books/index.html.erb within layouts/application (2.7ms)
Completed 200 OK in 416ms (Views: 409.5ms | ActiveRecord: 0.4ms)


Started GET "/" for ::1 at 2019-06-06 12:27:01 +0900
  [1m[35m (0.4ms)[0m  [1m[34mSELECT "schema_migrations"."version" FROM "schema_migrations" ORDER BY "schema_migrations"."version" ASC[0m
  â†³ /Users/chiharu.yasuda/.rbenv/versions/2.6.3/lib/ruby/gems/2.6.0/gems/activerecord-5.2.3/lib/active_record/log_subscriber.rb:98
Processing by Rails::WelcomeController#index as HTML
  Rendering /Users/chiharu.yasuda/.rbenv/versions/2.6.3/lib/ruby/gems/2.6.0/gems/railties-5.2.3/lib/rails/templates/rails/welcome/index.html.erb
  Rendered /Users/chiharu.yasuda/.rbenv/versions/2.6.3/lib/ruby/gems/2.6.0/gems/railties-5.2.3/lib/rails/templates/rails/welcome/index.html.erb (2.3ms)
Completed 200 OK in 11ms (Views: 4.8ms | ActiveRecord: 0.0ms)


Started GET "/books" for ::1 at 2019-06-06 12:27:06 +0900
Processing by BooksController#index as HTML
  Rendering books/index.html.erb within layouts/application
  [1m[36mBook Load (0.3ms)[0m  [1m[34mSELECT "books".* FROM "books"[0m
  â†³ app/views/books/index.html.erb:15
  Rendered books/index.html.erb within layouts/application (2.2ms)
Completed 200 OK in 171ms (Views: 167.9ms | ActiveRecord: 0.5ms)


Started GET "/books/new" for ::1 at 2019-06-06 12:27:13 +0900
Processing by BooksController#new as HTML
  Rendering books/new.html.erb within layouts/application
  Rendered books/_form.html.erb (19.3ms)
  Rendered books/new.html.erb within layouts/application (21.0ms)
Completed 200 OK in 39ms (Views: 31.7ms | ActiveRecord: 0.5ms)


Started POST "/books" for ::1 at 2019-06-06 12:27:45 +0900
Processing by BooksController#create as HTML
  Parameters: {"utf8"=>"âœ“", "authenticity_token"=>"5JI/gGct+VPIK3yM+W+LK1jfRT7uFlRKwJrZ21mHnu8gsQ8ipe6ReDQWRgzx/XkHS5OEDU4EEwRi9z0os+Vghw==", "book"=>{"title"=>"ã‚ã²ã‚‹ã®ç©º", "memo"=>"ã¡ã£ã¡ã‚ƒã„ç”·ã®å­ãŒãƒã‚¹ã‚±ã‚’é ‘å¼µã‚‹"}, "commit"=>"Create Book"}
  [1m[35m (0.1ms)[0m  [1m[36mbegin transaction[0m
  â†³ app/controllers/books_controller.rb:30
  [1m[36mBook Create (0.5ms)[0m  [1m[32mINSERT INTO "books" ("title", "memo", "created_at", "updated_at") VALUES (?, ?, ?, ?)[0m  [["title", "ã‚ã²ã‚‹ã®ç©º"], ["memo", "ã¡ã£ã¡ã‚ƒã„ç”·ã®å­ãŒãƒã‚¹ã‚±ã‚’é ‘å¼µã‚‹"], ["created_at", "2019-06-06 03:27:45.574505"], ["updated_at", "2019-06-06 03:27:45.574505"]]
  â†³ app/controllers/books_controller.rb:30
  [1m[35m (0.5ms)[0m  [1m[36mcommit transaction[0m
  â†³ app/controllers/books_controller.rb:30
Redirected to http://localhost:3000/books/1
Completed 302 Found in 3ms (ActiveRecord: 1.0ms)


Started GET "/books/1" for ::1 at 2019-06-06 12:27:45 +0900
Processing by BooksController#show as HTML
  Parameters: {"id"=>"1"}
  [1m[36mBook Load (0.2ms)[0m  [1m[34mSELECT  "books".* FROM "books" WHERE "books"."id" = ? LIMIT ?[0m  [["id", 1], ["LIMIT", 1]]
  â†³ app/controllers/books_controller.rb:67
  Rendering books/show.html.erb within layouts/application
  Rendered books/show.html.erb within layouts/application (0.5ms)
Completed 200 OK in 22ms (Views: 17.6ms | ActiveRecord: 0.2ms)


Started GET "/books" for ::1 at 2019-06-06 12:27:51 +0900
Processing by BooksController#index as HTML
  Rendering books/index.html.erb within layouts/application
  [1m[36mBook Load (0.2ms)[0m  [1m[34mSELECT "books".* FROM "books"[0m
  â†³ app/views/books/index.html.erb:15
  Rendered books/index.html.erb within layouts/application (1.7ms)
Completed 200 OK in 19ms (Views: 17.2ms | ActiveRecord: 0.2ms)


Started GET "/books/1" for ::1 at 2019-06-06 12:27:56 +0900
Processing by BooksController#show as HTML
  Parameters: {"id"=>"1"}
  [1m[36mBook Load (0.2ms)[0m  [1m[34mSELECT  "books".* FROM "books" WHERE "books"."id" = ? LIMIT ?[0m  [["id", 1], ["LIMIT", 1]]
  â†³ app/controllers/books_controller.rb:67
  Rendering books/show.html.erb within layouts/application
  Rendered books/show.html.erb within layouts/application (0.6ms)
Completed 200 OK in 19ms (Views: 16.9ms | ActiveRecord: 0.2ms)


Started GET "/books" for ::1 at 2019-06-06 12:28:00 +0900
Processing by BooksController#index as HTML
  Rendering books/index.html.erb within layouts/application
  [1m[36mBook Load (0.2ms)[0m  [1m[34mSELECT "books".* FROM "books"[0m
  â†³ app/views/books/index.html.erb:15
  Rendered books/index.html.erb within layouts/application (1.6ms)
Completed 200 OK in 41ms (Views: 39.6ms | ActiveRecord: 0.2ms)


Started GET "/books/1/edit" for ::1 at 2019-06-06 12:28:01 +0900
Processing by BooksController#edit as HTML
  Parameters: {"id"=>"1"}
  [1m[36mBook Load (0.1ms)[0m  [1m[34mSELECT  "books".* FROM "books" WHERE "books"."id" = ? LIMIT ?[0m  [["id", 1], ["LIMIT", 1]]
  â†³ app/controllers/books_controller.rb:67
  Rendering books/edit.html.erb within layouts/application
  Rendered books/_form.html.erb (1.6ms)
  Rendered books/edit.html.erb within layouts/application (2.6ms)
Completed 200 OK in 18ms (Views: 15.4ms | ActiveRecord: 0.1ms)


Started GET "/books" for ::1 at 2019-06-06 12:28:03 +0900
Processing by BooksController#index as HTML
  Rendering books/index.html.erb within layouts/application
  [1m[36mBook Load (0.2ms)[0m  [1m[34mSELECT "books".* FROM "books"[0m
  â†³ app/views/books/index.html.erb:15
  Rendered books/index.html.erb within layouts/application (1.4ms)
Completed 200 OK in 18ms (Views: 16.1ms | ActiveRecord: 0.2ms)


Started DELETE "/books/1" for ::1 at 2019-06-06 12:28:06 +0900
Processing by BooksController#destroy as HTML
  Parameters: {"authenticity_token"=>"qTJBaAXSm3knb8Mr8D7lFa5qtOYOnwkITRRzmqKcVYH2j20FgTJdc869SKeiiIB2n9V2IDeyvzTHUWaL8xR5Hw==", "id"=>"1"}
  [1m[36mBook Load (0.2ms)[0m  [1m[34mSELECT  "books".* FROM "books" WHERE "books"."id" = ? LIMIT ?[0m  [["id", 1], ["LIMIT", 1]]
  â†³ app/controllers/books_controller.rb:67
  [1m[35m (0.1ms)[0m  [1m[36mbegin transaction[0m
  â†³ app/controllers/books_controller.rb:57
  [1m[36mBook Destroy (0.3ms)[0m  [1m[31mDELETE FROM "books" WHERE "books"."id" = ?[0m  [["id", 1]]
  â†³ app/controllers/books_controller.rb:57
  [1m[35m (1.0ms)[0m  [1m[36mcommit transaction[0m
  â†³ app/controllers/books_controller.rb:57
Redirected to http://localhost:3000/books
Completed 302 Found in 4ms (ActiveRecord: 1.6ms)


Started GET "/books" for ::1 at 2019-06-06 12:28:06 +0900
Processing by BooksController#index as HTML
  Rendering books/index.html.erb within layouts/application
  [1m[36mBook Load (0.2ms)[0m  [1m[34mSELECT "books".* FROM "books"[0m
  â†³ app/views/books/index.html.erb:15
  Rendered books/index.html.erb within layouts/application (1.2ms)
Completed 200 OK in 13ms (Views: 12.5ms | ActiveRecord: 0.2ms)


Started GET "/books/new" for ::1 at 2019-06-06 12:29:30 +0900
Processing by BooksController#new as HTML
  Rendering books/new.html.erb within layouts/application
  Rendered books/_form.html.erb (2.0ms)
  Rendered books/new.html.erb within layouts/application (3.1ms)
Completed 200 OK in 20ms (Views: 18.0ms | ActiveRecord: 0.0ms)


Started POST "/books" for ::1 at 2019-06-06 12:29:33 +0900
Processing by BooksController#create as HTML
  Parameters: {"utf8"=>"âœ“", "authenticity_token"=>"uC2hurwSHrf6ad1Z9CiDpZq0NGaoCbr5xYmqyoOEbCZ8DpEYftF2nAZU59n8unGJifj1VQgb/bdn5E45aeaSTg==", "book"=>{"title"=>"ã‚", "memo"=>"ã‚"}, "commit"=>"Create Book"}
  [1m[35m (0.1ms)[0m  [1m[36mbegin transaction[0m
  â†³ app/controllers/books_controller.rb:30
  [1m[36mBook Create (0.3ms)[0m  [1m[32mINSERT INTO "books" ("title", "memo", "created_at", "updated_at") VALUES (?, ?, ?, ?)[0m  [["title", "ã‚"], ["memo", "ã‚"], ["created_at", "2019-06-06 03:29:33.972831"], ["updated_at", "2019-06-06 03:29:33.972831"]]
  â†³ app/controllers/books_controller.rb:30
  [1m[35m (0.7ms)[0m  [1m[36mcommit transaction[0m
  â†³ app/controllers/books_controller.rb:30
Redirected to http://localhost:3000/books/2
Completed 302 Found in 4ms (ActiveRecord: 1.1ms)


Started GET "/books/2" for ::1 at 2019-06-06 12:29:33 +0900
Processing by BooksController#show as HTML
  Parameters: {"id"=>"2"}
  [1m[36mBook Load (0.1ms)[0m  [1m[34mSELECT  "books".* FROM "books" WHERE "books"."id" = ? LIMIT ?[0m  [["id", 2], ["LIMIT", 1]]
  â†³ app/controllers/books_controller.rb:67
  Rendering books/show.html.erb within layouts/application
  Rendered books/show.html.erb within layouts/application (0.6ms)
Completed 200 OK in 13ms (Views: 11.2ms | ActiveRecord: 0.1ms)


Started GET "/books" for ::1 at 2019-06-06 12:29:35 +0900
Processing by BooksController#index as HTML
  Rendering books/index.html.erb within layouts/application
  [1m[36mBook Load (0.2ms)[0m  [1m[34mSELECT "books".* FROM "books"[0m
  â†³ app/views/books/index.html.erb:15
  Rendered books/index.html.erb within layouts/application (1.8ms)
Completed 200 OK in 18ms (Views: 16.5ms | ActiveRecord: 0.2ms)


Started GET "/books/new" for ::1 at 2019-06-06 12:29:36 +0900
Processing by BooksController#new as HTML
  Rendering books/new.html.erb within layouts/application
  Rendered books/_form.html.erb (1.9ms)
  Rendered books/new.html.erb within layouts/application (3.1ms)
Completed 200 OK in 19ms (Views: 18.1ms | ActiveRecord: 0.0ms)


Started POST "/books" for ::1 at 2019-06-06 12:29:43 +0900
Processing by BooksController#create as HTML
  Parameters: {"utf8"=>"âœ“", "authenticity_token"=>"gaEKGhU7GlfdHviidzi8t+JXsJkPEnnqNpve9/Ps9eJFgjq41/hyfCEjwiJ/qk6b8Rtxqq8APqSU9joEGY4Lig==", "book"=>{"title"=>"ã„", "memo"=>"ã„"}, "commit"=>"Create Book"}
  [1m[35m (0.1ms)[0m  [1m[36mbegin transaction[0m
  â†³ app/controllers/books_controller.rb:30
  [1m[36mBook Create (0.4ms)[0m  [1m[32mINSERT INTO "books" ("title", "memo", "created_at", "updated_at") VALUES (?, ?, ?, ?)[0m  [["title", "ã„"], ["memo", "ã„"], ["created_at", "2019-06-06 03:29:43.689808"], ["updated_at", "2019-06-06 03:29:43.689808"]]
  â†³ app/controllers/books_controller.rb:30
  [1m[35m (0.8ms)[0m  [1m[36mcommit transaction[0m
  â†³ app/controllers/books_controller.rb:30
Redirected to http://localhost:3000/books/3
Completed 302 Found in 3ms (ActiveRecord: 1.2ms)


Started GET "/books/3" for ::1 at 2019-06-06 12:29:43 +0900
Processing by BooksController#show as HTML
  Parameters: {"id"=>"3"}
  [1m[36mBook Load (0.1ms)[0m  [1m[34mSELECT  "books".* FROM "books" WHERE "books"."id" = ? LIMIT ?[0m  [["id", 3], ["LIMIT", 1]]
  â†³ app/controllers/books_controller.rb:67
  Rendering books/show.html.erb within layouts/application
  Rendered books/show.html.erb within layouts/application (0.6ms)
Completed 200 OK in 28ms (Views: 26.5ms | ActiveRecord: 0.1ms)


Started GET "/books" for ::1 at 2019-06-06 12:29:45 +0900
Processing by BooksController#index as HTML
  Rendering books/index.html.erb within layouts/application
  [1m[36mBook Load (0.1ms)[0m  [1m[34mSELECT "books".* FROM "books"[0m
  â†³ app/views/books/index.html.erb:15
  Rendered books/index.html.erb within layouts/application (1.8ms)
Completed 200 OK in 18ms (Views: 16.1ms | ActiveRecord: 0.1ms)


Started GET "/books/3" for ::1 at 2019-06-06 12:29:46 +0900
Processing by BooksController#show as HTML
  Parameters: {"id"=>"3"}
  [1m[36mBook Load (0.2ms)[0m  [1m[34mSELECT  "books".* FROM "books" WHERE "books"."id" = ? LIMIT ?[0m  [["id", 3], ["LIMIT", 1]]
  â†³ app/controllers/books_controller.rb:67
  Rendering books/show.html.erb within layouts/application
  Rendered books/show.html.erb within layouts/application (0.6ms)
Completed 200 OK in 18ms (Views: 15.7ms | ActiveRecord: 0.2ms)


Started GET "/books" for ::1 at 2019-06-06 12:29:47 +0900
Processing by BooksController#index as HTML
  Rendering books/index.html.erb within layouts/application
  [1m[36mBook Load (0.2ms)[0m  [1m[34mSELECT "books".* FROM "books"[0m
  â†³ app/views/books/index.html.erb:15
  Rendered books/index.html.erb within layouts/application (1.7ms)
Completed 200 OK in 18ms (Views: 16.1ms | ActiveRecord: 0.2ms)


Started GET "/books/2" for ::1 at 2019-06-06 12:29:49 +0900
Processing by BooksController#show as HTML
  Parameters: {"id"=>"2"}
  [1m[36mBook Load (0.2ms)[0m  [1m[34mSELECT  "books".* FROM "books" WHERE "books"."id" = ? LIMIT ?[0m  [["id", 2], ["LIMIT", 1]]
  â†³ app/controllers/books_controller.rb:67
  Rendering books/show.html.erb within layouts/application
  Rendered books/show.html.erb within layouts/application (0.6ms)
Completed 200 OK in 17ms (Views: 14.8ms | ActiveRecord: 0.2ms)


Started GET "/books" for ::1 at 2019-06-06 12:29:50 +0900
Processing by BooksController#index as HTML
  Rendering books/index.html.erb within layouts/application
  [1m[36mBook Load (0.2ms)[0m  [1m[34mSELECT "books".* FROM "books"[0m
  â†³ app/views/books/index.html.erb:15
  Rendered books/index.html.erb within layouts/application (1.9ms)
Completed 200 OK in 20ms (Views: 18.3ms | ActiveRecord: 0.2ms)


Started DELETE "/books/2" for ::1 at 2019-06-06 12:29:53 +0900
Processing by BooksController#destroy as HTML
  Parameters: {"authenticity_token"=>"nN8fR7LN0/4+RNVgmK7J+bigIlvfxgwepbkWoZHkGurDYjMqNi0V9NeWXuzKGKyaiR/gnebruiIv/AOwwGw2dA==", "id"=>"2"}
  [1m[36mBook Load (0.1ms)[0m  [1m[34mSELECT  "books".* FROM "books" WHERE "books"."id" = ? LIMIT ?[0m  [["id", 2], ["LIMIT", 1]]
  â†³ app/controllers/books_controller.rb:67
  [1m[35m (0.0ms)[0m  [1m[36mbegin transaction[0m
  â†³ app/controllers/books_controller.rb:57
  [1m[36mBook Destroy (0.4ms)[0m  [1m[31mDELETE FROM "books" WHERE "books"."id" = ?[0m  [["id", 2]]
  â†³ app/controllers/books_controller.rb:57
  [1m[35m (1.0ms)[0m  [1m[36mcommit transaction[0m
  â†³ app/controllers/books_controller.rb:57
Redirected to http://localhost:3000/books
Completed 302 Found in 4ms (ActiveRecord: 1.5ms)


Started GET "/books" for ::1 at 2019-06-06 12:29:53 +0900
Processing by BooksController#index as HTML
  Rendering books/index.html.erb within layouts/application
  [1m[36mBook Load (0.3ms)[0m  [1m[34mSELECT "books".* FROM "books"[0m
  â†³ app/views/books/index.html.erb:15
  Rendered books/index.html.erb within layouts/application (1.6ms)
Completed 200 OK in 15ms (Views: 13.5ms | ActiveRecord: 0.3ms)


Started DELETE "/books/3" for ::1 at 2019-06-06 12:29:55 +0900
Processing by BooksController#destroy as HTML
  Parameters: {"authenticity_token"=>"ZLh8fhFMhmgco4YfzYSGbY1x6L2rli6PaF0c1vtaFFc7BVATlaxAYvVxDZOfMuMOvM4qe5K7mLPiGAnHqtI4yQ==", "id"=>"3"}
  [1m[36mBook Load (0.2ms)[0m  [1m[34mSELECT  "books".* FROM "books" WHERE "books"."id" = ? LIMIT ?[0m  [["id", 3], ["LIMIT", 1]]
  â†³ app/controllers/books_controller.rb:67
  [1m[35m (0.0ms)[0m  [1m[36mbegin transaction[0m
  â†³ app/controllers/books_controller.rb:57
  [1m[36mBook Destroy (0.4ms)[0m  [1m[31mDELETE FROM "books" WHERE "books"."id" = ?[0m  [["id", 3]]
  â†³ app/controllers/books_controller.rb:57
  [1m[35m (0.8ms)[0m  [1m[36mcommit transaction[0m
  â†³ app/controllers/books_controller.rb:57
Redirected to http://localhost:3000/books
Completed 302 Found in 4ms (ActiveRecord: 1.4ms)


Started GET "/books" for ::1 at 2019-06-06 12:29:55 +0900
Processing by BooksController#index as HTML
  Rendering books/index.html.erb within layouts/application
  [1m[36mBook Load (0.1ms)[0m  [1m[34mSELECT "books".* FROM "books"[0m
  â†³ app/views/books/index.html.erb:15
  Rendered books/index.html.erb within layouts/application (0.9ms)
Completed 200 OK in 13ms (Views: 11.7ms | ActiveRecord: 0.1ms)


Started GET "/books/new" for ::1 at 2019-06-06 12:29:56 +0900
Processing by BooksController#new as HTML
  Rendering books/new.html.erb within layouts/application
  Rendered books/_form.html.erb (2.0ms)
  Rendered books/new.html.erb within layouts/application (3.4ms)
Completed 200 OK in 31ms (Views: 29.7ms | ActiveRecord: 0.0ms)


Started GET "/rails/info/routes" for ::1 at 2019-06-06 12:31:02 +0900
Processing by Rails::InfoController#routes as HTML
  Rendering /Users/chiharu.yasuda/.rbenv/versions/2.6.3/lib/ruby/gems/2.6.0/gems/railties-5.2.3/lib/rails/templates/rails/info/routes.html.erb within layouts/application
  Rendered collection of /Users/chiharu.yasuda/.rbenv/versions/2.6.3/lib/ruby/gems/2.6.0/gems/actionpack-5.2.3/lib/action_dispatch/middleware/templates/routes/_route.html.erb [13 times] (3.0ms)
  Rendered /Users/chiharu.yasuda/.rbenv/versions/2.6.3/lib/ruby/gems/2.6.0/gems/actionpack-5.2.3/lib/action_dispatch/middleware/templates/routes/_table.html.erb (2.0ms)
  Rendered /Users/chiharu.yasuda/.rbenv/versions/2.6.3/lib/ruby/gems/2.6.0/gems/railties-5.2.3/lib/rails/templates/rails/info/routes.html.erb within layouts/application (7.9ms)
Completed 200 OK in 11ms (Views: 9.9ms | ActiveRecord: 0.0ms)


Started POST "/books" for ::1 at 2019-06-06 12:35:58 +0900
Processing by BooksController#create as HTML
  Parameters: {"utf8"=>"âœ“", "authenticity_token"=>"NUXtHciJV/GGp6kRTW5kMDmXL78i+JdT29WY9sCOLx/xZt2/Cko/2nqak5FF/JYcKtvujILq0B15uHwFKuzRdw==", "book"=>{"title"=>"ãŠè©¦ã—", "memo"=>"ãŠè©¦ã—"}, "commit"=>"Create Book"}
  [1m[35m (0.1ms)[0m  [1m[36mbegin transaction[0m
  â†³ app/controllers/books_controller.rb:30
  [1m[36mBook Create (0.4ms)[0m  [1m[32mINSERT INTO "books" ("title", "memo", "created_at", "updated_at") VALUES (?, ?, ?, ?)[0m  [["title", "ãŠè©¦ã—"], ["memo", "ãŠè©¦ã—"], ["created_at", "2019-06-06 03:35:58.811734"], ["updated_at", "2019-06-06 03:35:58.811734"]]
  â†³ app/controllers/books_controller.rb:30
  [1m[35m (0.8ms)[0m  [1m[36mcommit transaction[0m
  â†³ app/controllers/books_controller.rb:30
Redirected to http://localhost:3000/books/4
Completed 302 Found in 4ms (ActiveRecord: 1.3ms)


Started GET "/books/4" for ::1 at 2019-06-06 12:35:58 +0900
Processing by BooksController#show as HTML
  Parameters: {"id"=>"4"}
  [1m[36mBook Load (0.2ms)[0m  [1m[34mSELECT  "books".* FROM "books" WHERE "books"."id" = ? LIMIT ?[0m  [["id", 4], ["LIMIT", 1]]
  â†³ app/controllers/books_controller.rb:67
  Rendering books/show.html.erb within layouts/application
  Rendered books/show.html.erb within layouts/application (0.7ms)
Completed 200 OK in 16ms (Views: 14.5ms | ActiveRecord: 0.2ms)


  [1m[35m (0.2ms)[0m  [1m[36mbegin transaction[0m
  [1m[36mBook Create (0.5ms)[0m  [1m[32mINSERT INTO "books" ("title", "memo", "created_at", "updated_at") VALUES (?, ?, ?, ?)[0m  [["title", "some title"], ["memo", "some memo"], ["created_at", "2019-06-06 03:41:13.318941"], ["updated_at", "2019-06-06 03:41:13.318941"]]
  [1m[35m (1.1ms)[0m  [1m[36mcommit transaction[0m
  [1m[36mBook Load (0.3ms)[0m  [1m[34mSELECT  "books".* FROM "books" ORDER BY "books"."id" DESC LIMIT ?[0m  [["LIMIT", 1]]
Started GET "/books" for ::1 at 2019-06-06 12:43:42 +0900
  [1m[35m (0.1ms)[0m  [1m[34mSELECT "schema_migrations"."version" FROM "schema_migrations" ORDER BY "schema_migrations"."version" ASC[0m
  â†³ /Users/chiharu.yasuda/.rbenv/versions/2.6.3/lib/ruby/gems/2.6.0/gems/activerecord-5.2.3/lib/active_record/log_subscriber.rb:98
Processing by BooksController#index as HTML
  Rendering books/index.html.erb within layouts/application
  [1m[36mBook Load (0.2ms)[0m  [1m[34mSELECT "books".* FROM "books"[0m
  â†³ app/views/books/index.html.erb:15
  Rendered books/index.html.erb within layouts/application (6.0ms)
Completed 200 OK in 168ms (Views: 160.0ms | ActiveRecord: 0.7ms)


Started GET "/books/5" for ::1 at 2019-06-06 12:43:45 +0900
Processing by BooksController#show as HTML
  Parameters: {"id"=>"5"}
  [1m[36mBook Load (0.3ms)[0m  [1m[34mSELECT  "books".* FROM "books" WHERE "books"."id" = ? LIMIT ?[0m  [["id", 5], ["LIMIT", 1]]
  â†³ app/controllers/books_controller.rb:67
  Rendering books/show.html.erb within layouts/application
  Rendered books/show.html.erb within layouts/application (0.8ms)
Completed 200 OK in 20ms (Views: 16.3ms | ActiveRecord: 0.3ms)


  [1m[36mBook Load (0.4ms)[0m  [1m[34mSELECT  "books".* FROM "books" ORDER BY "books"."id" ASC LIMIT ?[0m  [["LIMIT", 1]]
  [1m[36mBook Load (0.1ms)[0m  [1m[34mSELECT  "books".* FROM "books" ORDER BY "books"."id" ASC LIMIT ?[0m  [["LIMIT", 1]]
  [1m[36mBook Load (0.1ms)[0m  [1m[34mSELECT  "books".* FROM "books" ORDER BY "books"."id" ASC LIMIT ?[0m  [["LIMIT", 1]]
  [1m[35m (0.4ms)[0m  [1m[34mSELECT "schema_migrations"."version" FROM "schema_migrations" ORDER BY "schema_migrations"."version" ASC[0m
  â†³ bin/rails:9
Migrating to AddPictureToBooks (20190606042633)
  [1m[35m (0.1ms)[0m  [1m[36mbegin transaction[0m
  â†³ bin/rails:9
  [1m[35m (0.4ms)[0m  [1m[35mALTER TABLE "books" ADD "picture" varchar[0m
  â†³ db/migrate/20190606042633_add_picture_to_books.rb:3
  [1m[36mActiveRecord::SchemaMigration Create (0.5ms)[0m  [1m[32mINSERT INTO "schema_migrations" ("version") VALUES (?)[0m  [["version", "20190606042633"]]
  â†³ bin/rails:9
  [1m[35m (0.4ms)[0m  [1m[36mcommit transaction[0m
  â†³ bin/rails:9
  [1m[36mActiveRecord::InternalMetadata Load (0.5ms)[0m  [1m[34mSELECT  "ar_internal_metadata".* FROM "ar_internal_metadata" WHERE "ar_internal_metadata"."key" = ? LIMIT ?[0m  [["key", "environment"], ["LIMIT", 1]]
  â†³ bin/rails:9
  [1m[35m (0.0ms)[0m  [1m[36mbegin transaction[0m
  â†³ bin/rails:9
  [1m[35m (0.0ms)[0m  [1m[36mcommit transaction[0m
  â†³ bin/rails:9
  [1m[35m (0.1ms)[0m  [1m[34mSELECT "schema_migrations"."version" FROM "schema_migrations" ORDER BY "schema_migrations"."version" ASC[0m
  â†³ bin/rails:9
Started GET "/books" for ::1 at 2019-06-06 13:32:05 +0900
  [1m[35m (0.8ms)[0m  [1m[34mSELECT "schema_migrations"."version" FROM "schema_migrations" ORDER BY "schema_migrations"."version" ASC[0m
  â†³ /Users/chiharu.yasuda/.rbenv/versions/2.6.3/lib/ruby/gems/2.6.0/gems/activerecord-5.2.3/lib/active_record/log_subscriber.rb:98
Processing by BooksController#index as HTML
  Rendering books/index.html.erb within layouts/application
  [1m[36mBook Load (0.2ms)[0m  [1m[34mSELECT "books".* FROM "books"[0m
  â†³ app/views/books/index.html.erb:17
  Rendered books/index.html.erb within layouts/application (12.9ms)
Completed 500 Internal Server Error in 31ms (ActiveRecord: 0.6ms)


  
ActionView::Template::Error (undefined method `author' for #<Book:0x00007feb6e4d2950>):
    18:       <tr>
    19:         <td><%= book.title %></td>
    20:         <td><%= book.memo %></td>
    21:         <td><%= book.author %></td>
    22:         <td><%= book.picture %></td>
    23:         <td><%= link_to 'Show', book %></td>
    24:         <td><%= link_to 'Edit', edit_book_path(book) %></td>
  
app/views/books/index.html.erb:21:in `block in _app_views_books_index_html_erb__897392094500254756_70324575462420'
app/views/books/index.html.erb:17:in `_app_views_books_index_html_erb__897392094500254756_70324575462420'
  [1m[35m (0.1ms)[0m  [1m[34mSELECT "schema_migrations"."version" FROM "schema_migrations" ORDER BY "schema_migrations"."version" ASC[0m
  â†³ bin/rails:9
Migrating to AddAuthorToBooks (20190606043347)
  [1m[35m (0.0ms)[0m  [1m[36mbegin transaction[0m
  â†³ bin/rails:9
  [1m[35m (0.3ms)[0m  [1m[35mALTER TABLE "books" ADD "author" varchar[0m
  â†³ db/migrate/20190606043347_add_author_to_books.rb:3
  [1m[36mActiveRecord::SchemaMigration Create (0.1ms)[0m  [1m[32mINSERT INTO "schema_migrations" ("version") VALUES (?)[0m  [["version", "20190606043347"]]
  â†³ bin/rails:9
  [1m[35m (0.7ms)[0m  [1m[36mcommit transaction[0m
  â†³ bin/rails:9
  [1m[36mActiveRecord::InternalMetadata Load (0.2ms)[0m  [1m[34mSELECT  "ar_internal_metadata".* FROM "ar_internal_metadata" WHERE "ar_internal_metadata"."key" = ? LIMIT ?[0m  [["key", "environment"], ["LIMIT", 1]]
  â†³ bin/rails:9
  [1m[35m (0.0ms)[0m  [1m[36mbegin transaction[0m
  â†³ bin/rails:9
  [1m[35m (0.0ms)[0m  [1m[36mcommit transaction[0m
  â†³ bin/rails:9
  [1m[35m (0.1ms)[0m  [1m[34mSELECT "schema_migrations"."version" FROM "schema_migrations" ORDER BY "schema_migrations"."version" ASC[0m
  â†³ bin/rails:9
Started GET "/books" for ::1 at 2019-06-06 13:34:22 +0900
  [1m[35m (0.1ms)[0m  [1m[34mSELECT "schema_migrations"."version" FROM "schema_migrations" ORDER BY "schema_migrations"."version" ASC[0m
  â†³ /Users/chiharu.yasuda/.rbenv/versions/2.6.3/lib/ruby/gems/2.6.0/gems/activerecord-5.2.3/lib/active_record/log_subscriber.rb:98
Processing by BooksController#index as HTML
  Rendering books/index.html.erb within layouts/application
  [1m[36mBook Load (0.2ms)[0m  [1m[34mSELECT "books".* FROM "books"[0m
  â†³ app/views/books/index.html.erb:17
  Rendered books/index.html.erb within layouts/application (7.7ms)
Completed 200 OK in 129ms (Views: 124.6ms | ActiveRecord: 0.7ms)


Started GET "/books/new" for ::1 at 2019-06-06 13:34:25 +0900
Processing by BooksController#new as HTML
  Rendering books/new.html.erb within layouts/application
  Rendered books/_form.html.erb (13.7ms)
  Rendered books/new.html.erb within layouts/application (14.9ms)
Completed 200 OK in 58ms (Views: 55.9ms | ActiveRecord: 0.0ms)


Started POST "/books" for ::1 at 2019-06-06 13:34:58 +0900
Processing by BooksController#create as HTML
  Parameters: {"utf8"=>"âœ“", "authenticity_token"=>"WJGo9Oey7Eka2aT4bwrPTPpKRmn4CouMNkubb0QvTTmcsphWJXGEYubknnhnmD1g6QaHWlgYzMKUJn+crk2zUQ==", "book"=>{"title"=>"aaa", "memo"=>"ssss", "author"=>"aaaa", "picture"=>#<ActionDispatch::Http::UploadedFile:0x00007feb6ec4a778 @tempfile=#<Tempfile:/var/folders/8b/l0vhn5hd7mbdywwxvj9tj7540000gp/T/RackMultipart20190606-20142-i67eyt.txt>, @original_filename="readme.txt", @content_type="text/plain", @headers="Content-Disposition: form-data; name=\"book[picture]\"; filename=\"readme.txt\"\r\nContent-Type: text/plain\r\n">}, "commit"=>"Create Book"}
  [1m[35m (0.1ms)[0m  [1m[36mbegin transaction[0m
  â†³ app/controllers/books_controller.rb:30
  [1m[36mBook Create (0.3ms)[0m  [1m[32mINSERT INTO "books" ("title", "memo", "created_at", "updated_at", "picture", "author") VALUES (?, ?, ?, ?, ?, ?)[0m  [["title", "aaa"], ["memo", "ssss"], ["created_at", "2019-06-06 04:34:58.596929"], ["updated_at", "2019-06-06 04:34:58.596929"], ["picture", "readme.txt"], ["author", "aaaa"]]
  â†³ app/controllers/books_controller.rb:30
  [1m[35m (0.7ms)[0m  [1m[36mcommit transaction[0m
  â†³ app/controllers/books_controller.rb:30
Redirected to http://localhost:3000/books/6
Completed 302 Found in 9ms (ActiveRecord: 1.1ms)


Started GET "/books/6" for ::1 at 2019-06-06 13:34:58 +0900
Processing by BooksController#show as HTML
  Parameters: {"id"=>"6"}
  [1m[36mBook Load (0.2ms)[0m  [1m[34mSELECT  "books".* FROM "books" WHERE "books"."id" = ? LIMIT ?[0m  [["id", 6], ["LIMIT", 1]]
  â†³ app/controllers/books_controller.rb:67
  Rendering books/show.html.erb within layouts/application
  Rendered books/show.html.erb within layouts/application (0.9ms)
Completed 200 OK in 14ms (Views: 11.7ms | ActiveRecord: 0.2ms)


Started GET "/rails/info/routes" for ::1 at 2019-06-06 13:43:02 +0900
Processing by Rails::InfoController#routes as HTML
  Rendering /Users/chiharu.yasuda/.rbenv/versions/2.6.3/lib/ruby/gems/2.6.0/gems/railties-5.2.3/lib/rails/templates/rails/info/routes.html.erb within layouts/application
  Rendered collection of /Users/chiharu.yasuda/.rbenv/versions/2.6.3/lib/ruby/gems/2.6.0/gems/actionpack-5.2.3/lib/action_dispatch/middleware/templates/routes/_route.html.erb [13 times] (3.0ms)
  Rendered /Users/chiharu.yasuda/.rbenv/versions/2.6.3/lib/ruby/gems/2.6.0/gems/actionpack-5.2.3/lib/action_dispatch/middleware/templates/routes/_table.html.erb (1.5ms)
  Rendered /Users/chiharu.yasuda/.rbenv/versions/2.6.3/lib/ruby/gems/2.6.0/gems/railties-5.2.3/lib/rails/templates/rails/info/routes.html.erb within layouts/application (6.9ms)
Completed 200 OK in 10ms (Views: 9.0ms | ActiveRecord: 0.0ms)


Started GET "/" for ::1 at 2019-06-06 13:43:05 +0900
Processing by Rails::WelcomeController#index as HTML
  Rendering /Users/chiharu.yasuda/.rbenv/versions/2.6.3/lib/ruby/gems/2.6.0/gems/railties-5.2.3/lib/rails/templates/rails/welcome/index.html.erb
  Rendered /Users/chiharu.yasuda/.rbenv/versions/2.6.3/lib/ruby/gems/2.6.0/gems/railties-5.2.3/lib/rails/templates/rails/welcome/index.html.erb (2.0ms)
Completed 200 OK in 5ms (Views: 3.2ms | ActiveRecord: 0.0ms)


Started GET "/books" for ::1 at 2019-06-12 14:46:33 +0900
  [1m[35m (0.5ms)[0m  [1m[34mSELECT "schema_migrations"."version" FROM "schema_migrations" ORDER BY "schema_migrations"."version" ASC[0m
  â†³ /Users/chiharu.yasuda/.rbenv/versions/2.6.3/lib/ruby/gems/2.6.0/gems/activerecord-5.2.3/lib/active_record/log_subscriber.rb:98
Processing by BooksController#index as HTML
  Rendering books/index.html.erb within layouts/application
  [1m[36mBook Load (0.3ms)[0m  [1m[34mSELECT "books".* FROM "books"[0m
  â†³ app/views/books/index.html.erb:17
  Rendered books/index.html.erb within layouts/application (11.4ms)
Completed 200 OK in 170ms (Views: 136.3ms | ActiveRecord: 1.2ms)


Started DELETE "/books/4" for ::1 at 2019-06-12 14:46:37 +0900
Processing by BooksController#destroy as HTML
  Parameters: {"authenticity_token"=>"g8tvn5U6Eq9B9zVv+j9hACJENMtWkkVZCszChik/SI3cdkPyEdrUpaglvuOoiQRjE/v2DW+/82WAideXeLdkEw==", "id"=>"4"}
  [1m[36mBook Load (0.2ms)[0m  [1m[34mSELECT  "books".* FROM "books" WHERE "books"."id" = ? LIMIT ?[0m  [["id", 4], ["LIMIT", 1]]
  â†³ app/controllers/books_controller.rb:67
  [1m[35m (0.1ms)[0m  [1m[36mbegin transaction[0m
  â†³ app/controllers/books_controller.rb:57
  [1m[36mBook Destroy (0.3ms)[0m  [1m[31mDELETE FROM "books" WHERE "books"."id" = ?[0m  [["id", 4]]
  â†³ app/controllers/books_controller.rb:57
  [1m[35m (0.7ms)[0m  [1m[36mcommit transaction[0m
  â†³ app/controllers/books_controller.rb:57
Redirected to http://localhost:3000/books
Completed 302 Found in 5ms (ActiveRecord: 1.2ms)


Started GET "/books" for ::1 at 2019-06-12 14:46:37 +0900
Processing by BooksController#index as HTML
  Rendering books/index.html.erb within layouts/application
  [1m[36mBook Load (0.1ms)[0m  [1m[34mSELECT "books".* FROM "books"[0m
  â†³ app/views/books/index.html.erb:17
  Rendered books/index.html.erb within layouts/application (1.4ms)
Completed 200 OK in 13ms (Views: 12.1ms | ActiveRecord: 0.1ms)


Started DELETE "/books/5" for ::1 at 2019-06-12 14:46:39 +0900
Processing by BooksController#destroy as HTML
  Parameters: {"authenticity_token"=>"4TXpPDiqkAl0HkGPRKfHAVXXhGi5an8HtvnE869wXla+iMVRvEpWA53MygMWEaJiZGhGroBHyTs8vNHi/vhyyA==", "id"=>"5"}
  [1m[36mBook Load (0.2ms)[0m  [1m[34mSELECT  "books".* FROM "books" WHERE "books"."id" = ? LIMIT ?[0m  [["id", 5], ["LIMIT", 1]]
  â†³ app/controllers/books_controller.rb:67
  [1m[35m (0.1ms)[0m  [1m[36mbegin transaction[0m
  â†³ app/controllers/books_controller.rb:57
  [1m[36mBook Destroy (0.5ms)[0m  [1m[31mDELETE FROM "books" WHERE "books"."id" = ?[0m  [["id", 5]]
  â†³ app/controllers/books_controller.rb:57
  [1m[35m (0.9ms)[0m  [1m[36mcommit transaction[0m
  â†³ app/controllers/books_controller.rb:57
Redirected to http://localhost:3000/books
Completed 302 Found in 4ms (ActiveRecord: 1.6ms)


Started GET "/books" for ::1 at 2019-06-12 14:46:39 +0900
Processing by BooksController#index as HTML
  Rendering books/index.html.erb within layouts/application
  [1m[36mBook Load (0.1ms)[0m  [1m[34mSELECT "books".* FROM "books"[0m
  â†³ app/views/books/index.html.erb:17
  Rendered books/index.html.erb within layouts/application (1.5ms)
Completed 200 OK in 14ms (Views: 12.9ms | ActiveRecord: 0.1ms)


Started GET "/books/6/edit" for ::1 at 2019-06-12 14:47:45 +0900
Processing by BooksController#edit as HTML
  Parameters: {"id"=>"6"}
  [1m[36mBook Load (0.1ms)[0m  [1m[34mSELECT  "books".* FROM "books" WHERE "books"."id" = ? LIMIT ?[0m  [["id", 6], ["LIMIT", 1]]
  â†³ app/controllers/books_controller.rb:67
  Rendering books/edit.html.erb within layouts/application
  Rendered books/_form.html.erb (20.1ms)
  Rendered books/edit.html.erb within layouts/application (21.7ms)
Completed 200 OK in 35ms (Views: 33.5ms | ActiveRecord: 0.1ms)


Started GET "/books" for ::1 at 2019-06-12 14:47:49 +0900
Processing by BooksController#index as HTML
  Rendering books/index.html.erb within layouts/application
  [1m[36mBook Load (0.1ms)[0m  [1m[34mSELECT "books".* FROM "books"[0m
  â†³ app/views/books/index.html.erb:17
  Rendered books/index.html.erb within layouts/application (1.7ms)
Completed 200 OK in 18ms (Views: 16.4ms | ActiveRecord: 0.1ms)


Started DELETE "/books/6" for ::1 at 2019-06-12 14:47:52 +0900
Processing by BooksController#destroy as HTML
  Parameters: {"authenticity_token"=>"pGPebO6UuJNEe1+XhqcMf/eR1EYVs1sb1bwgv20d3LL73vIBanR+ma2p1BvUEWkcxi4WgCye7Sdf+TWuPJXwLA==", "id"=>"6"}
  [1m[36mBook Load (0.1ms)[0m  [1m[34mSELECT  "books".* FROM "books" WHERE "books"."id" = ? LIMIT ?[0m  [["id", 6], ["LIMIT", 1]]
  â†³ app/controllers/books_controller.rb:67
  [1m[35m (0.0ms)[0m  [1m[36mbegin transaction[0m
  â†³ app/controllers/books_controller.rb:57
  [1m[36mBook Destroy (0.3ms)[0m  [1m[31mDELETE FROM "books" WHERE "books"."id" = ?[0m  [["id", 6]]
  â†³ app/controllers/books_controller.rb:57
  [1m[35m (0.9ms)[0m  [1m[36mcommit transaction[0m
  â†³ app/controllers/books_controller.rb:57
Redirected to http://localhost:3000/books
Completed 302 Found in 4ms (ActiveRecord: 1.4ms)


Started GET "/books" for ::1 at 2019-06-12 14:47:52 +0900
Processing by BooksController#index as HTML
  Rendering books/index.html.erb within layouts/application
  [1m[36mBook Load (0.1ms)[0m  [1m[34mSELECT "books".* FROM "books"[0m
  â†³ app/views/books/index.html.erb:17
  Rendered books/index.html.erb within layouts/application (1.0ms)
Completed 200 OK in 14ms (Views: 13.2ms | ActiveRecord: 0.1ms)


Started GET "/books" for ::1 at 2019-06-13 15:02:24 +0900
  [1m[35m (0.1ms)[0m  [1m[34mSELECT "schema_migrations"."version" FROM "schema_migrations" ORDER BY "schema_migrations"."version" ASC[0m
  â†³ /Users/chiharu.yasuda/.rbenv/versions/2.6.3/lib/ruby/gems/2.6.0/gems/activerecord-5.2.3/lib/active_record/log_subscriber.rb:98
Processing by BooksController#index as HTML
  Rendering books/index.html.erb within layouts/application
  [1m[36mBook Load (0.1ms)[0m  [1m[34mSELECT "books".* FROM "books"[0m
  â†³ app/views/books/index.html.erb:17
  Rendered books/index.html.erb within layouts/application (3.1ms)
Completed 200 OK in 124ms (Views: 111.3ms | ActiveRecord: 0.3ms)


Started GET "/books/new" for ::1 at 2019-06-13 15:02:26 +0900
Processing by BooksController#new as HTML
  Rendering books/new.html.erb within layouts/application
  Rendered books/_form.html.erb (8.4ms)
  Rendered books/new.html.erb within layouts/application (9.4ms)
Completed 200 OK in 55ms (Views: 20.2ms | ActiveRecord: 0.4ms)


Started POST "/books" for ::1 at 2019-06-13 15:02:32 +0900
Processing by BooksController#create as HTML
  Parameters: {"utf8"=>"âœ“", "authenticity_token"=>"BJ3r+eM/NwKdbdlNtmp87odSx/8PkoPzA21gBFjt5OHAvttbIfxfKWFQ482++I7ClB4GzK+AxL2hAIT3so8aiQ==", "book"=>{"title"=>"ã‚ã²ã‚‹ã®ç©º", "memo"=>"", "author"=>""}, "commit"=>"Create Book"}
  [1m[35m (0.1ms)[0m  [1m[36mbegin transaction[0m
  â†³ app/controllers/books_controller.rb:30
  [1m[36mBook Create (0.5ms)[0m  [1m[32mINSERT INTO "books" ("title", "memo", "created_at", "updated_at", "author") VALUES (?, ?, ?, ?, ?)[0m  [["title", "ã‚ã²ã‚‹ã®ç©º"], ["memo", ""], ["created_at", "2019-06-13 06:02:32.699601"], ["updated_at", "2019-06-13 06:02:32.699601"], ["author", ""]]
  â†³ app/controllers/books_controller.rb:30
  [1m[35m (0.6ms)[0m  [1m[36mcommit transaction[0m
  â†³ app/controllers/books_controller.rb:30
Redirected to http://localhost:3000/books/7
Completed 302 Found in 5ms (ActiveRecord: 1.1ms)


Started GET "/books/7" for ::1 at 2019-06-13 15:02:32 +0900
Processing by BooksController#show as HTML
  Parameters: {"id"=>"7"}
  [1m[36mBook Load (0.2ms)[0m  [1m[34mSELECT  "books".* FROM "books" WHERE "books"."id" = ? LIMIT ?[0m  [["id", 7], ["LIMIT", 1]]
  â†³ app/controllers/books_controller.rb:67
  Rendering books/show.html.erb within layouts/application
  Rendered books/show.html.erb within layouts/application (0.6ms)
Completed 200 OK in 14ms (Views: 11.5ms | ActiveRecord: 0.2ms)


Started GET "/books" for ::1 at 2019-06-13 15:02:34 +0900
Processing by BooksController#index as HTML
  Rendering books/index.html.erb within layouts/application
  [1m[36mBook Load (0.1ms)[0m  [1m[34mSELECT "books".* FROM "books"[0m
  â†³ app/views/books/index.html.erb:17
  Rendered books/index.html.erb within layouts/application (1.7ms)
Completed 200 OK in 20ms (Views: 18.1ms | ActiveRecord: 0.1ms)


Started GET "/reports/2?locale=ja" for ::1 at 2019-06-13 15:11:52 +0900
  
ActionController::RoutingError (No route matches [GET] "/reports/2"):
  
actionpack (5.2.3) lib/action_dispatch/middleware/debug_exceptions.rb:65:in `call'
web-console (3.7.0) lib/web_console/middleware.rb:135:in `call_app'
web-console (3.7.0) lib/web_console/middleware.rb:30:in `block in call'
web-console (3.7.0) lib/web_console/middleware.rb:20:in `catch'
web-console (3.7.0) lib/web_console/middleware.rb:20:in `call'
actionpack (5.2.3) lib/action_dispatch/middleware/show_exceptions.rb:33:in `call'
railties (5.2.3) lib/rails/rack/logger.rb:38:in `call_app'
railties (5.2.3) lib/rails/rack/logger.rb:26:in `block in call'
activesupport (5.2.3) lib/active_support/tagged_logging.rb:71:in `block in tagged'
activesupport (5.2.3) lib/active_support/tagged_logging.rb:28:in `tagged'
activesupport (5.2.3) lib/active_support/tagged_logging.rb:71:in `tagged'
railties (5.2.3) lib/rails/rack/logger.rb:26:in `call'
sprockets-rails (3.2.1) lib/sprockets/rails/quiet_assets.rb:13:in `call'
actionpack (5.2.3) lib/action_dispatch/middleware/remote_ip.rb:81:in `call'
actionpack (5.2.3) lib/action_dispatch/middleware/request_id.rb:27:in `call'
rack (2.0.7) lib/rack/method_override.rb:22:in `call'
rack (2.0.7) lib/rack/runtime.rb:22:in `call'
activesupport (5.2.3) lib/active_support/cache/strategy/local_cache_middleware.rb:29:in `call'
actionpack (5.2.3) lib/action_dispatch/middleware/executor.rb:14:in `call'
actionpack (5.2.3) lib/action_dispatch/middleware/static.rb:127:in `call'
rack (2.0.7) lib/rack/sendfile.rb:111:in `call'
railties (5.2.3) lib/rails/engine.rb:524:in `call'
puma (3.12.1) lib/puma/configuration.rb:227:in `call'
puma (3.12.1) lib/puma/server.rb:660:in `handle_request'
puma (3.12.1) lib/puma/server.rb:474:in `process_client'
puma (3.12.1) lib/puma/server.rb:334:in `block in run'
puma (3.12.1) lib/puma/thread_pool.rb:135:in `block in spawn_thread'
  [1m[35m (0.1ms)[0m  [1m[34mSELECT "schema_migrations"."version" FROM "schema_migrations" ORDER BY "schema_migrations"."version" ASC[0m
  â†³ bin/rails:9
Migrating to CreateReports (20190613061414)
  [1m[35m (0.0ms)[0m  [1m[36mbegin transaction[0m
  â†³ bin/rails:9
  [1m[35m (0.4ms)[0m  [1m[34mSELECT sqlite_version(*)[0m
  â†³ db/migrate/20190613061414_create_reports.rb:3
  [1m[35m (0.7ms)[0m  [1m[35mCREATE TABLE "reports" ("id" integer PRIMARY KEY AUTOINCREMENT NOT NULL, "title" varchar, "content" text, "created_at" datetime NOT NULL, "updated_at" datetime NOT NULL)[0m
  â†³ db/migrate/20190613061414_create_reports.rb:3
  [1m[36mActiveRecord::SchemaMigration Create (0.1ms)[0m  [1m[32mINSERT INTO "schema_migrations" ("version") VALUES (?)[0m  [["version", "20190613061414"]]
  â†³ bin/rails:9
  [1m[35m (1.2ms)[0m  [1m[36mcommit transaction[0m
  â†³ bin/rails:9
Migrating to CreateComments (20190613061648)
  [1m[35m (0.1ms)[0m  [1m[36mbegin transaction[0m
  â†³ bin/rails:9
  [1m[35m (1.2ms)[0m  [1m[35mCREATE TABLE "comments" ("id" integer PRIMARY KEY AUTOINCREMENT NOT NULL, "name" varchar, "content" text, "commentable_id" integer, "commentable_type" varchar, "created_at" datetime NOT NULL, "updated_at" datetime NOT NULL)[0m
  â†³ db/migrate/20190613061648_create_comments.rb:3
  [1m[35m (0.2ms)[0m  [1m[35mCREATE  INDEX "index_comments_on_commentable_id_and_commentable_type" ON "comments" ("commentable_id", "commentable_type")[0m
  â†³ db/migrate/20190613061648_create_comments.rb:11
  [1m[36mActiveRecord::SchemaMigration Create (0.2ms)[0m  [1m[32mINSERT INTO "schema_migrations" ("version") VALUES (?)[0m  [["version", "20190613061648"]]
  â†³ bin/rails:9
  [1m[35m (0.6ms)[0m  [1m[36mcommit transaction[0m
  â†³ bin/rails:9
  [1m[36mActiveRecord::InternalMetadata Load (0.1ms)[0m  [1m[34mSELECT  "ar_internal_metadata".* FROM "ar_internal_metadata" WHERE "ar_internal_metadata"."key" = ? LIMIT ?[0m  [["key", "environment"], ["LIMIT", 1]]
  â†³ bin/rails:9
  [1m[35m (0.0ms)[0m  [1m[36mbegin transaction[0m
  â†³ bin/rails:9
  [1m[35m (0.0ms)[0m  [1m[36mcommit transaction[0m
  â†³ bin/rails:9
  [1m[35m (0.1ms)[0m  [1m[34mSELECT "schema_migrations"."version" FROM "schema_migrations" ORDER BY "schema_migrations"."version" ASC[0m
  â†³ bin/rails:9
Started GET "/reports" for ::1 at 2019-06-13 15:29:00 +0900
  [1m[35m (0.1ms)[0m  [1m[34mSELECT "schema_migrations"."version" FROM "schema_migrations" ORDER BY "schema_migrations"."version" ASC[0m
  â†³ /Users/chiharu.yasuda/.rbenv/versions/2.6.3/lib/ruby/gems/2.6.0/gems/activerecord-5.2.3/lib/active_record/log_subscriber.rb:98
Processing by ReportsController#index as HTML
  Rendering reports/index.html.erb within layouts/application
  [1m[36mReport Load (0.1ms)[0m  [1m[34mSELECT "reports".* FROM "reports"[0m
  â†³ app/views/reports/index.html.erb:15
  Rendered reports/index.html.erb within layouts/application (1.6ms)
Completed 200 OK in 112ms (Views: 103.5ms | ActiveRecord: 0.3ms)


Started GET "/reports/new" for ::1 at 2019-06-13 15:29:02 +0900
Processing by ReportsController#new as HTML
  Rendering reports/new.html.erb within layouts/application
  Rendered reports/_form.html.erb (2.8ms)
  Rendered reports/new.html.erb within layouts/application (5.0ms)
Completed 200 OK in 28ms (Views: 21.7ms | ActiveRecord: 0.5ms)


Started POST "/reports" for ::1 at 2019-06-13 15:29:19 +0900
Processing by ReportsController#create as HTML
  Parameters: {"utf8"=>"âœ“", "authenticity_token"=>"rbbELtZ1tzf4ceEMCHfJcrt82LrF4UtDHWxRBZ9Jy0AY66DsTX28K+AsKGYZzrXHhk3+UKxHrZCyMmspCvoiyg==", "report"=>{"title"=>"åˆã‚ã¦ã®æ—¥å ±", "content"=>"ä»Šæ—¥ã¯é ‘å¼µã£ãŸ"}, "commit"=>"Create Report"}
  [1m[35m (0.1ms)[0m  [1m[36mbegin transaction[0m
  â†³ app/controllers/reports_controller.rb:30
  [1m[36mReport Create (0.5ms)[0m  [1m[32mINSERT INTO "reports" ("title", "content", "created_at", "updated_at") VALUES (?, ?, ?, ?)[0m  [["title", "åˆã‚ã¦ã®æ—¥å ±"], ["content", "ä»Šæ—¥ã¯é ‘å¼µã£ãŸ"], ["created_at", "2019-06-13 06:29:19.404173"], ["updated_at", "2019-06-13 06:29:19.404173"]]
  â†³ app/controllers/reports_controller.rb:30
  [1m[35m (1.0ms)[0m  [1m[36mcommit transaction[0m
  â†³ app/controllers/reports_controller.rb:30
Redirected to http://localhost:3000/reports/1
Completed 302 Found in 4ms (ActiveRecord: 1.5ms)


Started GET "/reports/1" for ::1 at 2019-06-13 15:29:19 +0900
Processing by ReportsController#show as HTML
  Parameters: {"id"=>"1"}
  [1m[36mReport Load (0.1ms)[0m  [1m[34mSELECT  "reports".* FROM "reports" WHERE "reports"."id" = ? LIMIT ?[0m  [["id", 1], ["LIMIT", 1]]
  â†³ app/controllers/reports_controller.rb:67
  Rendering reports/show.html.erb within layouts/application
  [1m[36mComment Load (0.1ms)[0m  [1m[34mSELECT "comments".* FROM "comments" WHERE "comments"."commentable_id" = ? AND "comments"."commentable_type" = ?[0m  [["commentable_id", 1], ["commentable_type", "Report"]]
  â†³ app/views/reports/show.html.erb:18
  Rendered reports/show.html.erb within layouts/application (129.9ms)
Completed 500 Internal Server Error in 133ms (ActiveRecord: 0.8ms)


  
ActionView::Template::Error (undefined method `report_comments_path' for #<#<Class:0x00007f97e7b3d770>:0x00007f97eee131c8>
Did you mean?  report_path):
    28:   </p>
    29: <% end %>
    30: <br>
    31: <%= form_for( [@report, @report.comments.build] ) do |f| %>
    32:   <p>
    33:     <strong><%= t :name %></strong>
    34:     <%= f.text_field :name %>
  
app/views/reports/show.html.erb:31:in `_app_views_reports_show_html_erb__2821452544965042779_70145262263560'
Started GET "/reports/1" for ::1 at 2019-06-13 15:30:03 +0900
Processing by ReportsController#show as HTML
  Parameters: {"id"=>"1"}
  [1m[36mReport Load (0.1ms)[0m  [1m[34mSELECT  "reports".* FROM "reports" WHERE "reports"."id" = ? LIMIT ?[0m  [["id", 1], ["LIMIT", 1]]
  â†³ app/controllers/reports_controller.rb:67
  Rendering reports/show.html.erb within layouts/application
  [1m[36mComment Load (0.1ms)[0m  [1m[34mSELECT "comments".* FROM "comments" WHERE "comments"."commentable_id" = ? AND "comments"."commentable_type" = ?[0m  [["commentable_id", 1], ["commentable_type", "Report"]]
  â†³ app/views/reports/show.html.erb:18
  Rendered reports/show.html.erb within layouts/application (15.4ms)
Completed 500 Internal Server Error in 27ms (ActiveRecord: 1.1ms)


  
ActionView::Template::Error (undefined method `body' for #<Comment:0x00007f97e7aac158>):
    35:   </p>
    36: 
    37:   <p>
    38:     <%= f.text_area :body, cols: 30, rows: 5 %>
    39:   </p>
    40: 
    41:   <p>
  
app/views/reports/show.html.erb:38:in `block in _app_views_reports_show_html_erb__2821452544965042779_70145223914780'
app/views/reports/show.html.erb:31:in `_app_views_reports_show_html_erb__2821452544965042779_70145223914780'
Started GET "/reports/1" for ::1 at 2019-06-13 15:30:24 +0900
Processing by ReportsController#show as HTML
  Parameters: {"id"=>"1"}
  [1m[36mReport Load (0.1ms)[0m  [1m[34mSELECT  "reports".* FROM "reports" WHERE "reports"."id" = ? LIMIT ?[0m  [["id", 1], ["LIMIT", 1]]
  â†³ app/controllers/reports_controller.rb:67
  Rendering reports/show.html.erb within layouts/application
  [1m[36mComment Load (0.1ms)[0m  [1m[34mSELECT "comments".* FROM "comments" WHERE "comments"."commentable_id" = ? AND "comments"."commentable_type" = ?[0m  [["commentable_id", 1], ["commentable_type", "Report"]]
  â†³ app/views/reports/show.html.erb:18
  Rendered reports/show.html.erb within layouts/application (2.5ms)
Completed 200 OK in 17ms (Views: 14.9ms | ActiveRecord: 0.2ms)


Started POST "/reports/1/comments" for ::1 at 2019-06-13 15:30:34 +0900
  
SyntaxError (/Users/chiharu.yasuda/my_web_apps/books_app/app/controllers/comments_controller.rb:14: syntax error, unexpected tIDENTIFIER, expecting end
...redirect_to @commentable notice: 'Comment was successfully c...
...                         ^~~~~~
/Users/chiharu.yasuda/my_web_apps/books_app/app/controllers/comments_controller.rb:20: syntax error, unexpected tIDENTIFIER, expecting end
...redirect_to @commentable notice: 'Comment was successfully d...
...                         ^~~~~~):
  
app/controllers/comments_controller.rb:14: syntax error, unexpected tIDENTIFIER, expecting end
app/controllers/comments_controller.rb:20: syntax error, unexpected tIDENTIFIER, expecting end
Started GET "/reports/1" for ::1 at 2019-06-13 15:31:16 +0900
Processing by ReportsController#show as HTML
  Parameters: {"id"=>"1"}
  [1m[36mReport Load (0.1ms)[0m  [1m[34mSELECT  "reports".* FROM "reports" WHERE "reports"."id" = ? LIMIT ?[0m  [["id", 1], ["LIMIT", 1]]
  â†³ app/controllers/reports_controller.rb:67
  Rendering reports/show.html.erb within layouts/application
  [1m[36mComment Load (0.1ms)[0m  [1m[34mSELECT "comments".* FROM "comments" WHERE "comments"."commentable_id" = ? AND "comments"."commentable_type" = ?[0m  [["commentable_id", 1], ["commentable_type", "Report"]]
  â†³ app/views/reports/show.html.erb:18
  Rendered reports/show.html.erb within layouts/application (10.3ms)
Completed 200 OK in 45ms (Views: 33.7ms | ActiveRecord: 1.1ms)


Started POST "/reports/1/comments" for ::1 at 2019-06-13 15:31:29 +0900
Processing by CommentsController#create as HTML
  Parameters: {"utf8"=>"âœ“", "authenticity_token"=>"/sQI9LzRywzaZGgndEmrJVl2GfwJUhNpcEGRySTLyE6heSSZODENBjO246sm/85GaMnbOjB/pVX6BITYdUPk0A==", "comment"=>{"name"=>"ã„ã‹", "content"=>"ãŠã¤ã‹ã‚Œã•ã¾"}, "commit"=>"Create Comment", "report_id"=>"1"}
  [1m[36mReport Load (0.1ms)[0m  [1m[34mSELECT  "reports".* FROM "reports" WHERE "reports"."id" = ? LIMIT ?[0m  [["id", 1], ["LIMIT", 1]]
  â†³ app/controllers/comments_controller.rb:31
Unpermitted parameter: :content
  [1m[35m (0.0ms)[0m  [1m[36mbegin transaction[0m
  â†³ app/controllers/comments_controller.rb:13
  [1m[36mComment Create (0.5ms)[0m  [1m[32mINSERT INTO "comments" ("name", "commentable_id", "commentable_type", "created_at", "updated_at") VALUES (?, ?, ?, ?, ?)[0m  [["name", "ã„ã‹"], ["commentable_id", 1], ["commentable_type", "Report"], ["created_at", "2019-06-13 06:31:29.313084"], ["updated_at", "2019-06-13 06:31:29.313084"]]
  â†³ app/controllers/comments_controller.rb:13
  [1m[35m (0.7ms)[0m  [1m[36mcommit transaction[0m
  â†³ app/controllers/comments_controller.rb:13
Redirected to http://localhost:3000/reports/1
Completed 302 Found in 5ms (ActiveRecord: 1.4ms)


Started GET "/reports/1" for ::1 at 2019-06-13 15:31:29 +0900
Processing by ReportsController#show as HTML
  Parameters: {"id"=>"1"}
  [1m[36mReport Load (0.1ms)[0m  [1m[34mSELECT  "reports".* FROM "reports" WHERE "reports"."id" = ? LIMIT ?[0m  [["id", 1], ["LIMIT", 1]]
  â†³ app/controllers/reports_controller.rb:67
  Rendering reports/show.html.erb within layouts/application
  [1m[36mComment Load (0.1ms)[0m  [1m[34mSELECT "comments".* FROM "comments" WHERE "comments"."commentable_id" = ? AND "comments"."commentable_type" = ?[0m  [["commentable_id", 1], ["commentable_type", "Report"]]
  â†³ app/views/reports/show.html.erb:18
  Rendered reports/show.html.erb within layouts/application (5.5ms)
Completed 500 Internal Server Error in 8ms (ActiveRecord: 0.2ms)


  
ActionView::Template::Error (undefined method `body' for #<Comment:0x00007f97e767a0f8>):
    23:   </p>
    24:    
    25:   <p>
    26:     <%= comment.body %>
    27:     <%= link_to '[x]', report_comment_path(@report, comment), method: :delete, data: { confirm: 'Are you sure?' } %>
    28:   </p>
    29: <% end %>
  
app/views/reports/show.html.erb:26:in `block in _app_views_reports_show_html_erb__2821452544965042779_70145215678540'
app/views/reports/show.html.erb:18:in `_app_views_reports_show_html_erb__2821452544965042779_70145215678540'
Started GET "/reports/1" for ::1 at 2019-06-13 15:31:43 +0900
Processing by ReportsController#show as HTML
  Parameters: {"id"=>"1"}
  [1m[36mReport Load (0.1ms)[0m  [1m[34mSELECT  "reports".* FROM "reports" WHERE "reports"."id" = ? LIMIT ?[0m  [["id", 1], ["LIMIT", 1]]
  â†³ app/controllers/reports_controller.rb:67
  Rendering reports/show.html.erb within layouts/application
  [1m[36mComment Load (0.3ms)[0m  [1m[34mSELECT "comments".* FROM "comments" WHERE "comments"."commentable_id" = ? AND "comments"."commentable_type" = ?[0m  [["commentable_id", 1], ["commentable_type", "Report"]]
  â†³ app/views/reports/show.html.erb:18
  Rendered reports/show.html.erb within layouts/application (5.7ms)
Completed 200 OK in 25ms (Views: 22.7ms | ActiveRecord: 0.5ms)


Started GET "/reports/1" for ::1 at 2019-06-13 15:32:00 +0900
Processing by ReportsController#show as HTML
  Parameters: {"id"=>"1"}
  [1m[36mReport Load (0.1ms)[0m  [1m[34mSELECT  "reports".* FROM "reports" WHERE "reports"."id" = ? LIMIT ?[0m  [["id", 1], ["LIMIT", 1]]
  â†³ app/controllers/reports_controller.rb:67
  Rendering reports/show.html.erb within layouts/application
  [1m[36mComment Load (0.1ms)[0m  [1m[34mSELECT "comments".* FROM "comments" WHERE "comments"."commentable_id" = ? AND "comments"."commentable_type" = ?[0m  [["commentable_id", 1], ["commentable_type", "Report"]]
  â†³ app/views/reports/show.html.erb:18
  Rendered reports/show.html.erb within layouts/application (2.8ms)
Completed 200 OK in 17ms (Views: 15.3ms | ActiveRecord: 0.3ms)


Started GET "/reports/1" for ::1 at 2019-06-13 15:32:01 +0900
Processing by ReportsController#show as HTML
  Parameters: {"id"=>"1"}
  [1m[36mReport Load (0.1ms)[0m  [1m[34mSELECT  "reports".* FROM "reports" WHERE "reports"."id" = ? LIMIT ?[0m  [["id", 1], ["LIMIT", 1]]
  â†³ app/controllers/reports_controller.rb:67
  Rendering reports/show.html.erb within layouts/application
  [1m[36mComment Load (0.2ms)[0m  [1m[34mSELECT "comments".* FROM "comments" WHERE "comments"."commentable_id" = ? AND "comments"."commentable_type" = ?[0m  [["commentable_id", 1], ["commentable_type", "Report"]]
  â†³ app/views/reports/show.html.erb:18
  Rendered reports/show.html.erb within layouts/application (3.3ms)
Completed 200 OK in 18ms (Views: 16.5ms | ActiveRecord: 0.3ms)


Started DELETE "/reports/1/comments/1" for ::1 at 2019-06-13 15:32:05 +0900
Processing by CommentsController#destroy as HTML
  Parameters: {"authenticity_token"=>"gy9wjgPVT9j3wgtUzeWb+k/B84T9Ldh2KtjbJ+Is4cDcklzjhzWJ0h4QgNifU/6Zfn4xQsQAbkqgnc42s6TNXg==", "report_id"=>"1", "id"=>"1"}
  [1m[36mReport Load (0.1ms)[0m  [1m[34mSELECT  "reports".* FROM "reports" WHERE "reports"."id" = ? LIMIT ?[0m  [["id", 1], ["LIMIT", 1]]
  â†³ app/controllers/comments_controller.rb:31
  [1m[36mComment Load (0.1ms)[0m  [1m[34mSELECT  "comments".* FROM "comments" WHERE "comments"."commentable_id" = ? AND "comments"."commentable_type" = ? AND "comments"."id" = ? LIMIT ?[0m  [["commentable_id", 1], ["commentable_type", "Report"], ["id", 1], ["LIMIT", 1]]
  â†³ app/controllers/comments_controller.rb:18
  [1m[35m (0.0ms)[0m  [1m[36mbegin transaction[0m
  â†³ app/controllers/comments_controller.rb:19
  [1m[36mComment Destroy (0.3ms)[0m  [1m[31mDELETE FROM "comments" WHERE "comments"."id" = ?[0m  [["id", 1]]
  â†³ app/controllers/comments_controller.rb:19
  [1m[35m (0.8ms)[0m  [1m[36mcommit transaction[0m
  â†³ app/controllers/comments_controller.rb:19
Redirected to http://localhost:3000/reports/1
Completed 302 Found in 4ms (ActiveRecord: 1.5ms)


Started GET "/reports/1" for ::1 at 2019-06-13 15:32:05 +0900
Processing by ReportsController#show as HTML
  Parameters: {"id"=>"1"}
  [1m[36mReport Load (0.1ms)[0m  [1m[34mSELECT  "reports".* FROM "reports" WHERE "reports"."id" = ? LIMIT ?[0m  [["id", 1], ["LIMIT", 1]]
  â†³ app/controllers/reports_controller.rb:67
  Rendering reports/show.html.erb within layouts/application
  [1m[36mComment Load (0.1ms)[0m  [1m[34mSELECT "comments".* FROM "comments" WHERE "comments"."commentable_id" = ? AND "comments"."commentable_type" = ?[0m  [["commentable_id", 1], ["commentable_type", "Report"]]
  â†³ app/views/reports/show.html.erb:18
  Rendered reports/show.html.erb within layouts/application (2.7ms)
Completed 200 OK in 18ms (Views: 16.1ms | ActiveRecord: 0.2ms)


Started POST "/reports/1/comments" for ::1 at 2019-06-13 15:32:17 +0900
Processing by CommentsController#create as HTML
  Parameters: {"utf8"=>"âœ“", "authenticity_token"=>"MvsZUwvbzVDfgto3kSDNmnDfVm4qaDew+j+WCXGZWRBtRjU+jzsLWjZQUbvDlqj5QWCUqBNFgYxweoMYIBF1jg==", "comment"=>{"name"=>"ã„ã‹", "content"=>"ãˆã‚‰ã„ã§ã™"}, "commit"=>"Create Comment", "report_id"=>"1"}
  [1m[36mReport Load (0.1ms)[0m  [1m[34mSELECT  "reports".* FROM "reports" WHERE "reports"."id" = ? LIMIT ?[0m  [["id", 1], ["LIMIT", 1]]
  â†³ app/controllers/comments_controller.rb:31
Unpermitted parameter: :content
  [1m[35m (0.0ms)[0m  [1m[36mbegin transaction[0m
  â†³ app/controllers/comments_controller.rb:13
  [1m[36mComment Create (0.6ms)[0m  [1m[32mINSERT INTO "comments" ("name", "commentable_id", "commentable_type", "created_at", "updated_at") VALUES (?, ?, ?, ?, ?)[0m  [["name", "ã„ã‹"], ["commentable_id", 1], ["commentable_type", "Report"], ["created_at", "2019-06-13 06:32:17.316143"], ["updated_at", "2019-06-13 06:32:17.316143"]]
  â†³ app/controllers/comments_controller.rb:13
  [1m[35m (0.8ms)[0m  [1m[36mcommit transaction[0m
  â†³ app/controllers/comments_controller.rb:13
Redirected to http://localhost:3000/reports/1
Completed 302 Found in 6ms (ActiveRecord: 1.6ms)


Started GET "/reports/1" for ::1 at 2019-06-13 15:32:17 +0900
Processing by ReportsController#show as HTML
  Parameters: {"id"=>"1"}
  [1m[36mReport Load (0.2ms)[0m  [1m[34mSELECT  "reports".* FROM "reports" WHERE "reports"."id" = ? LIMIT ?[0m  [["id", 1], ["LIMIT", 1]]
  â†³ app/controllers/reports_controller.rb:67
  Rendering reports/show.html.erb within layouts/application
  [1m[36mComment Load (0.1ms)[0m  [1m[34mSELECT "comments".* FROM "comments" WHERE "comments"."commentable_id" = ? AND "comments"."commentable_type" = ?[0m  [["commentable_id", 1], ["commentable_type", "Report"]]
  â†³ app/views/reports/show.html.erb:18
  Rendered reports/show.html.erb within layouts/application (2.9ms)
Completed 200 OK in 41ms (Views: 38.7ms | ActiveRecord: 0.3ms)


Started GET "/reports/1" for ::1 at 2019-06-13 15:33:27 +0900
Processing by ReportsController#show as HTML
  Parameters: {"id"=>"1"}
  [1m[36mReport Load (0.1ms)[0m  [1m[34mSELECT  "reports".* FROM "reports" WHERE "reports"."id" = ? LIMIT ?[0m  [["id", 1], ["LIMIT", 1]]
  â†³ app/controllers/reports_controller.rb:67
  Rendering reports/show.html.erb within layouts/application
  [1m[36mComment Load (0.1ms)[0m  [1m[34mSELECT "comments".* FROM "comments" WHERE "comments"."commentable_id" = ? AND "comments"."commentable_type" = ?[0m  [["commentable_id", 1], ["commentable_type", "Report"]]
  â†³ app/views/reports/show.html.erb:18
  Rendered reports/show.html.erb within layouts/application (2.9ms)
Completed 200 OK in 19ms (Views: 17.2ms | ActiveRecord: 0.2ms)


Started GET "/reports/1" for ::1 at 2019-06-13 15:33:28 +0900
Processing by ReportsController#show as HTML
  Parameters: {"id"=>"1"}
  [1m[36mReport Load (0.2ms)[0m  [1m[34mSELECT  "reports".* FROM "reports" WHERE "reports"."id" = ? LIMIT ?[0m  [["id", 1], ["LIMIT", 1]]
  â†³ app/controllers/reports_controller.rb:67
  Rendering reports/show.html.erb within layouts/application
  [1m[36mComment Load (0.1ms)[0m  [1m[34mSELECT "comments".* FROM "comments" WHERE "comments"."commentable_id" = ? AND "comments"."commentable_type" = ?[0m  [["commentable_id", 1], ["commentable_type", "Report"]]
  â†³ app/views/reports/show.html.erb:18
  Rendered reports/show.html.erb within layouts/application (3.2ms)
Completed 200 OK in 21ms (Views: 19.0ms | ActiveRecord: 0.3ms)


Started GET "/reports/1" for ::1 at 2019-06-13 15:33:28 +0900
Processing by ReportsController#show as HTML
  Parameters: {"id"=>"1"}
  [1m[36mReport Load (0.1ms)[0m  [1m[34mSELECT  "reports".* FROM "reports" WHERE "reports"."id" = ? LIMIT ?[0m  [["id", 1], ["LIMIT", 1]]
  â†³ app/controllers/reports_controller.rb:67
  Rendering reports/show.html.erb within layouts/application
  [1m[36mComment Load (0.1ms)[0m  [1m[34mSELECT "comments".* FROM "comments" WHERE "comments"."commentable_id" = ? AND "comments"."commentable_type" = ?[0m  [["commentable_id", 1], ["commentable_type", "Report"]]
  â†³ app/views/reports/show.html.erb:18
  Rendered reports/show.html.erb within layouts/application (2.7ms)
Completed 200 OK in 19ms (Views: 16.8ms | ActiveRecord: 0.2ms)


Started GET "/reports/1" for ::1 at 2019-06-13 15:36:06 +0900
Processing by ReportsController#show as HTML
  Parameters: {"id"=>"1"}
  [1m[36mReport Load (0.1ms)[0m  [1m[34mSELECT  "reports".* FROM "reports" WHERE "reports"."id" = ? LIMIT ?[0m  [["id", 1], ["LIMIT", 1]]
  â†³ app/controllers/reports_controller.rb:67
  Rendering reports/show.html.erb within layouts/application
  [1m[36mComment Load (0.1ms)[0m  [1m[34mSELECT "comments".* FROM "comments" WHERE "comments"."commentable_id" = ? AND "comments"."commentable_type" = ?[0m  [["commentable_id", 1], ["commentable_type", "Report"]]
  â†³ app/views/reports/show.html.erb:18
  Rendered reports/show.html.erb within layouts/application (3.7ms)
Completed 200 OK in 92ms (Views: 90.2ms | ActiveRecord: 0.3ms)


Started GET "/reports/1" for ::1 at 2019-06-13 15:36:07 +0900
Processing by ReportsController#show as HTML
  Parameters: {"id"=>"1"}
  [1m[36mReport Load (0.1ms)[0m  [1m[34mSELECT  "reports".* FROM "reports" WHERE "reports"."id" = ? LIMIT ?[0m  [["id", 1], ["LIMIT", 1]]
  â†³ app/controllers/reports_controller.rb:67
  Rendering reports/show.html.erb within layouts/application
  [1m[36mComment Load (0.1ms)[0m  [1m[34mSELECT "comments".* FROM "comments" WHERE "comments"."commentable_id" = ? AND "comments"."commentable_type" = ?[0m  [["commentable_id", 1], ["commentable_type", "Report"]]
  â†³ app/views/reports/show.html.erb:18
  Rendered reports/show.html.erb within layouts/application (2.8ms)
Completed 200 OK in 18ms (Views: 16.6ms | ActiveRecord: 0.3ms)


Started GET "/reports/1" for ::1 at 2019-06-13 15:36:07 +0900
Processing by ReportsController#show as HTML
  Parameters: {"id"=>"1"}
  [1m[36mReport Load (0.1ms)[0m  [1m[34mSELECT  "reports".* FROM "reports" WHERE "reports"."id" = ? LIMIT ?[0m  [["id", 1], ["LIMIT", 1]]
  â†³ app/controllers/reports_controller.rb:67
  Rendering reports/show.html.erb within layouts/application
  [1m[36mComment Load (0.1ms)[0m  [1m[34mSELECT "comments".* FROM "comments" WHERE "comments"."commentable_id" = ? AND "comments"."commentable_type" = ?[0m  [["commentable_id", 1], ["commentable_type", "Report"]]
  â†³ app/views/reports/show.html.erb:18
  Rendered reports/show.html.erb within layouts/application (2.7ms)
Completed 200 OK in 17ms (Views: 15.2ms | ActiveRecord: 0.2ms)


Started GET "/reports/1" for ::1 at 2019-06-13 15:36:07 +0900
Processing by ReportsController#show as HTML
  Parameters: {"id"=>"1"}
  [1m[36mReport Load (0.1ms)[0m  [1m[34mSELECT  "reports".* FROM "reports" WHERE "reports"."id" = ? LIMIT ?[0m  [["id", 1], ["LIMIT", 1]]
  â†³ app/controllers/reports_controller.rb:67
  Rendering reports/show.html.erb within layouts/application
  [1m[36mComment Load (0.1ms)[0m  [1m[34mSELECT "comments".* FROM "comments" WHERE "comments"."commentable_id" = ? AND "comments"."commentable_type" = ?[0m  [["commentable_id", 1], ["commentable_type", "Report"]]
  â†³ app/views/reports/show.html.erb:18
  Rendered reports/show.html.erb within layouts/application (2.7ms)
Completed 200 OK in 18ms (Views: 16.5ms | ActiveRecord: 0.2ms)


Started GET "/reports/1" for ::1 at 2019-06-13 15:36:07 +0900
Processing by ReportsController#show as HTML
  Parameters: {"id"=>"1"}
  [1m[36mReport Load (0.2ms)[0m  [1m[34mSELECT  "reports".* FROM "reports" WHERE "reports"."id" = ? LIMIT ?[0m  [["id", 1], ["LIMIT", 1]]
  â†³ app/controllers/reports_controller.rb:67
  Rendering reports/show.html.erb within layouts/application
  [1m[36mComment Load (0.1ms)[0m  [1m[34mSELECT "comments".* FROM "comments" WHERE "comments"."commentable_id" = ? AND "comments"."commentable_type" = ?[0m  [["commentable_id", 1], ["commentable_type", "Report"]]
  â†³ app/views/reports/show.html.erb:18
  Rendered reports/show.html.erb within layouts/application (3.2ms)
Completed 200 OK in 20ms (Views: 17.3ms | ActiveRecord: 0.3ms)


Started GET "/reports/1" for ::1 at 2019-06-13 15:36:38 +0900
Processing by ReportsController#show as HTML
  Parameters: {"id"=>"1"}
  [1m[36mReport Load (0.1ms)[0m  [1m[34mSELECT  "reports".* FROM "reports" WHERE "reports"."id" = ? LIMIT ?[0m  [["id", 1], ["LIMIT", 1]]
  â†³ app/controllers/reports_controller.rb:67
  Rendering reports/show.html.erb within layouts/application
  [1m[36mComment Load (0.1ms)[0m  [1m[34mSELECT "comments".* FROM "comments" WHERE "comments"."commentable_id" = ? AND "comments"."commentable_type" = ?[0m  [["commentable_id", 1], ["commentable_type", "Report"]]
  â†³ app/views/reports/show.html.erb:18
  Rendered reports/show.html.erb within layouts/application (3.4ms)
Completed 200 OK in 40ms (Views: 38.3ms | ActiveRecord: 0.3ms)


Started GET "/books" for ::1 at 2019-06-13 15:38:06 +0900
Processing by BooksController#index as HTML
  Rendering books/index.html.erb within layouts/application
  [1m[36mBook Load (0.3ms)[0m  [1m[34mSELECT "books".* FROM "books"[0m
  â†³ app/views/books/index.html.erb:17
  Rendered books/index.html.erb within layouts/application (8.2ms)
Completed 200 OK in 32ms (Views: 25.5ms | ActiveRecord: 0.9ms)


Started GET "/books/7" for ::1 at 2019-06-13 15:38:09 +0900
Processing by BooksController#show as HTML
  Parameters: {"id"=>"7"}
  [1m[36mBook Load (0.2ms)[0m  [1m[34mSELECT  "books".* FROM "books" WHERE "books"."id" = ? LIMIT ?[0m  [["id", 7], ["LIMIT", 1]]
  â†³ app/controllers/books_controller.rb:67
  Rendering books/show.html.erb within layouts/application
  [1m[36mComment Load (0.1ms)[0m  [1m[34mSELECT "comments".* FROM "comments" WHERE "comments"."commentable_id" = ? AND "comments"."commentable_type" = ?[0m  [["commentable_id", 7], ["commentable_type", "Book"]]
  â†³ app/views/books/show.html.erb:28
  Rendered books/show.html.erb within layouts/application (4.9ms)
Completed 200 OK in 22ms (Views: 19.0ms | ActiveRecord: 0.4ms)


Started GET "/books/7/edit" for ::1 at 2019-06-13 15:38:13 +0900
Processing by BooksController#edit as HTML
  Parameters: {"id"=>"7"}
  [1m[36mBook Load (0.2ms)[0m  [1m[34mSELECT  "books".* FROM "books" WHERE "books"."id" = ? LIMIT ?[0m  [["id", 7], ["LIMIT", 1]]
  â†³ app/controllers/books_controller.rb:67
  Rendering books/edit.html.erb within layouts/application
  Rendered books/_form.html.erb (3.3ms)
  Rendered books/edit.html.erb within layouts/application (4.6ms)
Completed 200 OK in 25ms (Views: 22.3ms | ActiveRecord: 0.2ms)


Started PATCH "/books/7" for ::1 at 2019-06-13 15:38:21 +0900
Processing by BooksController#update as HTML
  Parameters: {"utf8"=>"âœ“", "authenticity_token"=>"5OgKSntsVD+p9U5WqGBqr2ETmH+RcQr+Zf9Ac2tHyb161QW62bGeNOIhobyc6LDSEkHQHKlP6qysbV4QrFheKA==", "book"=>{"title"=>"ã‚ã²ã‚‹ã®ç©º", "memo"=>"ãƒã‚¹ã‚±ãƒƒãƒˆæ¼«ç”»", "author"=>""}, "commit"=>"Update Book", "id"=>"7"}
  [1m[36mBook Load (0.1ms)[0m  [1m[34mSELECT  "books".* FROM "books" WHERE "books"."id" = ? LIMIT ?[0m  [["id", 7], ["LIMIT", 1]]
  â†³ app/controllers/books_controller.rb:67
  [1m[35m (0.0ms)[0m  [1m[36mbegin transaction[0m
  â†³ app/controllers/books_controller.rb:44
  [1m[36mBook Update (0.4ms)[0m  [1m[33mUPDATE "books" SET "memo" = ?, "updated_at" = ? WHERE "books"."id" = ?[0m  [["memo", "ãƒã‚¹ã‚±ãƒƒãƒˆæ¼«ç”»"], ["updated_at", "2019-06-13 06:38:21.185403"], ["id", 7]]
  â†³ app/controllers/books_controller.rb:44
  [1m[35m (0.9ms)[0m  [1m[36mcommit transaction[0m
  â†³ app/controllers/books_controller.rb:44
Redirected to http://localhost:3000/books/7
Completed 302 Found in 5ms (ActiveRecord: 1.4ms)


Started GET "/books/7" for ::1 at 2019-06-13 15:38:21 +0900
Processing by BooksController#show as HTML
  Parameters: {"id"=>"7"}
  [1m[36mBook Load (0.1ms)[0m  [1m[34mSELECT  "books".* FROM "books" WHERE "books"."id" = ? LIMIT ?[0m  [["id", 7], ["LIMIT", 1]]
  â†³ app/controllers/books_controller.rb:67
  Rendering books/show.html.erb within layouts/application
  [1m[36mComment Load (0.1ms)[0m  [1m[34mSELECT "comments".* FROM "comments" WHERE "comments"."commentable_id" = ? AND "comments"."commentable_type" = ?[0m  [["commentable_id", 7], ["commentable_type", "Book"]]
  â†³ app/views/books/show.html.erb:28
  Rendered books/show.html.erb within layouts/application (2.9ms)
Completed 200 OK in 19ms (Views: 17.6ms | ActiveRecord: 0.2ms)


Started GET "/books" for ::1 at 2019-06-13 15:38:23 +0900
Processing by BooksController#index as HTML
  Rendering books/index.html.erb within layouts/application
  [1m[36mBook Load (0.1ms)[0m  [1m[34mSELECT "books".* FROM "books"[0m
  â†³ app/views/books/index.html.erb:17
  Rendered books/index.html.erb within layouts/application (1.6ms)
Completed 200 OK in 19ms (Views: 17.9ms | ActiveRecord: 0.1ms)


Started GET "/books/7" for ::1 at 2019-06-13 15:38:26 +0900
Processing by BooksController#show as HTML
  Parameters: {"id"=>"7"}
  [1m[36mBook Load (0.2ms)[0m  [1m[34mSELECT  "books".* FROM "books" WHERE "books"."id" = ? LIMIT ?[0m  [["id", 7], ["LIMIT", 1]]
  â†³ app/controllers/books_controller.rb:67
  Rendering books/show.html.erb within layouts/application
  [1m[36mComment Load (0.2ms)[0m  [1m[34mSELECT "comments".* FROM "comments" WHERE "comments"."commentable_id" = ? AND "comments"."commentable_type" = ?[0m  [["commentable_id", 7], ["commentable_type", "Book"]]
  â†³ app/views/books/show.html.erb:28
  Rendered books/show.html.erb within layouts/application (3.9ms)
Completed 200 OK in 24ms (Views: 21.5ms | ActiveRecord: 0.3ms)


Started POST "/books/7/comments" for ::1 at 2019-06-13 15:38:33 +0900
Processing by CommentsController#create as HTML
  Parameters: {"utf8"=>"âœ“", "authenticity_token"=>"6ZbVGVdA4CmQB651x+DTjRiRvMRMMfxC/XMvgJbrdiatmNqOmhWFIBzIMa/lOSdjM0+7YG6SYqkQDGjFNw+U/A==", "comment"=>{"name"=>"s", "content"=>"ãã‚Œå¥½ã"}, "commit"=>"Create Comment", "book_id"=>"7"}
  [1m[36mBook Load (0.1ms)[0m  [1m[34mSELECT  "books".* FROM "books" WHERE "books"."id" = ? LIMIT ?[0m  [["id", 7], ["LIMIT", 1]]
  â†³ app/controllers/comments_controller.rb:31
Unpermitted parameter: :content
  [1m[35m (0.0ms)[0m  [1m[36mbegin transaction[0m
  â†³ app/controllers/comments_controller.rb:13
  [1m[36mComment Create (0.4ms)[0m  [1m[32mINSERT INTO "comments" ("name", "commentable_id", "commentable_type", "created_at", "updated_at") VALUES (?, ?, ?, ?, ?)[0m  [["name", "s"], ["commentable_id", 7], ["commentable_type", "Book"], ["created_at", "2019-06-13 06:38:33.241273"], ["updated_at", "2019-06-13 06:38:33.241273"]]
  â†³ app/controllers/comments_controller.rb:13
  [1m[35m (0.7ms)[0m  [1m[36mcommit transaction[0m
  â†³ app/controllers/comments_controller.rb:13
Redirected to http://localhost:3000/books/7
Completed 302 Found in 5ms (ActiveRecord: 1.3ms)


Started GET "/books/7" for ::1 at 2019-06-13 15:38:33 +0900
Processing by BooksController#show as HTML
  Parameters: {"id"=>"7"}
  [1m[36mBook Load (0.1ms)[0m  [1m[34mSELECT  "books".* FROM "books" WHERE "books"."id" = ? LIMIT ?[0m  [["id", 7], ["LIMIT", 1]]
  â†³ app/controllers/books_controller.rb:67
  Rendering books/show.html.erb within layouts/application
  [1m[36mComment Load (0.1ms)[0m  [1m[34mSELECT "comments".* FROM "comments" WHERE "comments"."commentable_id" = ? AND "comments"."commentable_type" = ?[0m  [["commentable_id", 7], ["commentable_type", "Book"]]
  â†³ app/views/books/show.html.erb:28
  Rendered books/show.html.erb within layouts/application (3.5ms)
Completed 200 OK in 19ms (Views: 17.1ms | ActiveRecord: 0.2ms)


Started GET "/books/7" for ::1 at 2019-06-13 15:39:07 +0900
Processing by BooksController#show as HTML
  Parameters: {"id"=>"7"}
  [1m[36mBook Load (0.1ms)[0m  [1m[34mSELECT  "books".* FROM "books" WHERE "books"."id" = ? LIMIT ?[0m  [["id", 7], ["LIMIT", 1]]
  â†³ app/controllers/books_controller.rb:67
  Rendering books/show.html.erb within layouts/application
  [1m[36mComment Load (0.1ms)[0m  [1m[34mSELECT "comments".* FROM "comments" WHERE "comments"."commentable_id" = ? AND "comments"."commentable_type" = ?[0m  [["commentable_id", 7], ["commentable_type", "Book"]]
  â†³ app/views/books/show.html.erb:28
  Rendered books/show.html.erb within layouts/application (6.1ms)
Completed 500 Internal Server Error in 8ms (ActiveRecord: 0.2ms)


  
ActionView::Template::Error (undefined method `contents' for #<Comment:0x00007f97e7bd4fa8>
Did you mean?  content
               content?
               content=):
    33:   </p>
    34:    
    35:   <p>
    36:     <%= comment.contents %>
    37:     <%= link_to '[x]', book_comment_path(@book, comment), method: :delete, data: { confirm: 'Are you sure?' } %>
    38:   </p>
    39: <% end %>
  
app/views/books/show.html.erb:36:in `block in _app_views_books_show_html_erb__3444401835548158300_70145267779500'
app/views/books/show.html.erb:28:in `_app_views_books_show_html_erb__3444401835548158300_70145267779500'
Started GET "/books/7" for ::1 at 2019-06-13 15:39:13 +0900
Processing by BooksController#show as HTML
  Parameters: {"id"=>"7"}
  [1m[36mBook Load (0.1ms)[0m  [1m[34mSELECT  "books".* FROM "books" WHERE "books"."id" = ? LIMIT ?[0m  [["id", 7], ["LIMIT", 1]]
  â†³ app/controllers/books_controller.rb:67
  Rendering books/show.html.erb within layouts/application
  [1m[36mComment Load (0.1ms)[0m  [1m[34mSELECT "comments".* FROM "comments" WHERE "comments"."commentable_id" = ? AND "comments"."commentable_type" = ?[0m  [["commentable_id", 7], ["commentable_type", "Book"]]
  â†³ app/views/books/show.html.erb:28
  Rendered books/show.html.erb within layouts/application (3.7ms)
Completed 200 OK in 21ms (Views: 19.2ms | ActiveRecord: 0.2ms)


Started GET "/books/7" for ::1 at 2019-06-13 15:40:31 +0900
Processing by BooksController#show as HTML
  Parameters: {"id"=>"7"}
  [1m[36mBook Load (0.1ms)[0m  [1m[34mSELECT  "books".* FROM "books" WHERE "books"."id" = ? LIMIT ?[0m  [["id", 7], ["LIMIT", 1]]
  â†³ app/controllers/books_controller.rb:67
  Rendering books/show.html.erb within layouts/application
  [1m[36mComment Load (0.1ms)[0m  [1m[34mSELECT "comments".* FROM "comments" WHERE "comments"."commentable_id" = ? AND "comments"."commentable_type" = ?[0m  [["commentable_id", 7], ["commentable_type", "Book"]]
  â†³ app/views/books/show.html.erb:28
  Rendered books/show.html.erb within layouts/application (5.2ms)
Completed 500 Internal Server Error in 8ms (ActiveRecord: 0.2ms)


  
ActionView::Template::Error (undefined method `body' for #<Comment:0x00007f97e76f3980>):
    33:   </p>
    34:    
    35:   <p>
    36:     <%= comment.body %>
    37:     <%= link_to '[x]', book_comment_path(@book, comment), method: :delete, data: { confirm: 'Are you sure?' } %>
    38:   </p>
    39: <% end %>
  
app/views/books/show.html.erb:36:in `block in _app_views_books_show_html_erb__3444401835548158300_70145261390180'
app/views/books/show.html.erb:28:in `_app_views_books_show_html_erb__3444401835548158300_70145261390180'
Started GET "/books/7" for ::1 at 2019-06-13 15:40:42 +0900
Processing by BooksController#show as HTML
  Parameters: {"id"=>"7"}
  [1m[36mBook Load (0.2ms)[0m  [1m[34mSELECT  "books".* FROM "books" WHERE "books"."id" = ? LIMIT ?[0m  [["id", 7], ["LIMIT", 1]]
  â†³ app/controllers/books_controller.rb:67
  Rendering books/show.html.erb within layouts/application
  [1m[36mComment Load (0.1ms)[0m  [1m[34mSELECT "comments".* FROM "comments" WHERE "comments"."commentable_id" = ? AND "comments"."commentable_type" = ?[0m  [["commentable_id", 7], ["commentable_type", "Book"]]
  â†³ app/views/books/show.html.erb:28
  Rendered books/show.html.erb within layouts/application (3.4ms)
Completed 200 OK in 18ms (Views: 15.9ms | ActiveRecord: 0.3ms)


Started GET "/books/7" for ::1 at 2019-06-13 15:41:56 +0900
Processing by BooksController#show as HTML
  Parameters: {"id"=>"7"}
  [1m[36mBook Load (0.2ms)[0m  [1m[34mSELECT  "books".* FROM "books" WHERE "books"."id" = ? LIMIT ?[0m  [["id", 7], ["LIMIT", 1]]
  â†³ app/controllers/books_controller.rb:67
  Rendering books/show.html.erb within layouts/application
  [1m[36mComment Load (0.1ms)[0m  [1m[34mSELECT "comments".* FROM "comments" WHERE "comments"."commentable_id" = ? AND "comments"."commentable_type" = ?[0m  [["commentable_id", 7], ["commentable_type", "Book"]]
  â†³ app/views/books/show.html.erb:28
  Rendered books/show.html.erb within layouts/application (10.0ms)
Completed 200 OK in 36ms (Views: 24.2ms | ActiveRecord: 1.1ms)


Started GET "/books/7" for ::1 at 2019-06-13 15:41:59 +0900
Processing by BooksController#show as HTML
  Parameters: {"id"=>"7"}
  [1m[36mBook Load (0.1ms)[0m  [1m[34mSELECT  "books".* FROM "books" WHERE "books"."id" = ? LIMIT ?[0m  [["id", 7], ["LIMIT", 1]]
  â†³ app/controllers/books_controller.rb:67
  Rendering books/show.html.erb within layouts/application
  [1m[36mComment Load (0.1ms)[0m  [1m[34mSELECT "comments".* FROM "comments" WHERE "comments"."commentable_id" = ? AND "comments"."commentable_type" = ?[0m  [["commentable_id", 7], ["commentable_type", "Book"]]
  â†³ app/views/books/show.html.erb:28
  Rendered books/show.html.erb within layouts/application (3.3ms)
Completed 200 OK in 19ms (Views: 16.9ms | ActiveRecord: 0.3ms)


Started GET "/books/7" for ::1 at 2019-06-13 15:42:03 +0900
Processing by BooksController#show as HTML
  Parameters: {"id"=>"7"}
  [1m[36mBook Load (0.1ms)[0m  [1m[34mSELECT  "books".* FROM "books" WHERE "books"."id" = ? LIMIT ?[0m  [["id", 7], ["LIMIT", 1]]
  â†³ app/controllers/books_controller.rb:67
  Rendering books/show.html.erb within layouts/application
  [1m[36mComment Load (0.1ms)[0m  [1m[34mSELECT "comments".* FROM "comments" WHERE "comments"."commentable_id" = ? AND "comments"."commentable_type" = ?[0m  [["commentable_id", 7], ["commentable_type", "Book"]]
  â†³ app/views/books/show.html.erb:28
  Rendered books/show.html.erb within layouts/application (3.5ms)
Completed 200 OK in 21ms (Views: 19.2ms | ActiveRecord: 0.3ms)


Started GET "/books/7" for ::1 at 2019-06-13 15:42:20 +0900
Processing by BooksController#show as HTML
  Parameters: {"id"=>"7"}
  [1m[36mBook Load (0.1ms)[0m  [1m[34mSELECT  "books".* FROM "books" WHERE "books"."id" = ? LIMIT ?[0m  [["id", 7], ["LIMIT", 1]]
  â†³ app/controllers/books_controller.rb:67
  Rendering books/show.html.erb within layouts/application
  [1m[36mComment Load (0.1ms)[0m  [1m[34mSELECT "comments".* FROM "comments" WHERE "comments"."commentable_id" = ? AND "comments"."commentable_type" = ?[0m  [["commentable_id", 7], ["commentable_type", "Book"]]
  â†³ app/views/books/show.html.erb:28
  Rendered books/show.html.erb within layouts/application (10.2ms)
Completed 200 OK in 34ms (Views: 22.6ms | ActiveRecord: 1.1ms)


Started GET "/books/7" for ::1 at 2019-06-13 15:42:24 +0900
Processing by BooksController#show as HTML
  Parameters: {"id"=>"7"}
  [1m[36mBook Load (0.1ms)[0m  [1m[34mSELECT  "books".* FROM "books" WHERE "books"."id" = ? LIMIT ?[0m  [["id", 7], ["LIMIT", 1]]
  â†³ app/controllers/books_controller.rb:67
  Rendering books/show.html.erb within layouts/application
  [1m[36mComment Load (0.1ms)[0m  [1m[34mSELECT "comments".* FROM "comments" WHERE "comments"."commentable_id" = ? AND "comments"."commentable_type" = ?[0m  [["commentable_id", 7], ["commentable_type", "Book"]]
  â†³ app/views/books/show.html.erb:28
  Rendered books/show.html.erb within layouts/application (3.0ms)
Completed 200 OK in 20ms (Views: 18.2ms | ActiveRecord: 0.2ms)


Started GET "/books" for ::1 at 2019-06-13 15:42:28 +0900
Processing by BooksController#index as HTML
  Rendering books/index.html.erb within layouts/application
  [1m[36mBook Load (0.2ms)[0m  [1m[34mSELECT "books".* FROM "books"[0m
  â†³ app/views/books/index.html.erb:17
  Rendered books/index.html.erb within layouts/application (2.0ms)
Completed 200 OK in 22ms (Views: 20.5ms | ActiveRecord: 0.2ms)


Started GET "/books" for ::1 at 2019-06-13 15:42:29 +0900
Processing by BooksController#index as HTML
  Rendering books/index.html.erb within layouts/application
  [1m[36mBook Load (0.2ms)[0m  [1m[34mSELECT "books".* FROM "books"[0m
  â†³ app/views/books/index.html.erb:17
  Rendered books/index.html.erb within layouts/application (1.6ms)
Completed 200 OK in 21ms (Views: 19.7ms | ActiveRecord: 0.2ms)


Started GET "/books/7" for ::1 at 2019-06-13 15:42:30 +0900
Processing by BooksController#show as HTML
  Parameters: {"id"=>"7"}
  [1m[36mBook Load (0.2ms)[0m  [1m[34mSELECT  "books".* FROM "books" WHERE "books"."id" = ? LIMIT ?[0m  [["id", 7], ["LIMIT", 1]]
  â†³ app/controllers/books_controller.rb:67
  Rendering books/show.html.erb within layouts/application
  [1m[36mComment Load (0.2ms)[0m  [1m[34mSELECT "comments".* FROM "comments" WHERE "comments"."commentable_id" = ? AND "comments"."commentable_type" = ?[0m  [["commentable_id", 7], ["commentable_type", "Book"]]
  â†³ app/views/books/show.html.erb:28
  Rendered books/show.html.erb within layouts/application (3.8ms)
Completed 200 OK in 45ms (Views: 42.3ms | ActiveRecord: 0.4ms)


Started GET "/books/7" for ::1 at 2019-06-13 15:42:54 +0900
Processing by BooksController#show as HTML
  Parameters: {"id"=>"7"}
  [1m[36mBook Load (0.2ms)[0m  [1m[34mSELECT  "books".* FROM "books" WHERE "books"."id" = ? LIMIT ?[0m  [["id", 7], ["LIMIT", 1]]
  â†³ app/controllers/books_controller.rb:67
  Rendering books/show.html.erb within layouts/application
  [1m[36mComment Load (0.1ms)[0m  [1m[34mSELECT "comments".* FROM "comments" WHERE "comments"."commentable_id" = ? AND "comments"."commentable_type" = ?[0m  [["commentable_id", 7], ["commentable_type", "Book"]]
  â†³ app/views/books/show.html.erb:28
  Rendered books/show.html.erb within layouts/application (4.1ms)
Completed 200 OK in 21ms (Views: 19.2ms | ActiveRecord: 0.3ms)


Started GET "/books/7" for ::1 at 2019-06-13 15:42:54 +0900
Processing by BooksController#show as HTML
  Parameters: {"id"=>"7"}
  [1m[36mBook Load (0.1ms)[0m  [1m[34mSELECT  "books".* FROM "books" WHERE "books"."id" = ? LIMIT ?[0m  [["id", 7], ["LIMIT", 1]]
  â†³ app/controllers/books_controller.rb:67
  Rendering books/show.html.erb within layouts/application
  [1m[36mComment Load (0.1ms)[0m  [1m[34mSELECT "comments".* FROM "comments" WHERE "comments"."commentable_id" = ? AND "comments"."commentable_type" = ?[0m  [["commentable_id", 7], ["commentable_type", "Book"]]
  â†³ app/views/books/show.html.erb:28
  Rendered books/show.html.erb within layouts/application (3.0ms)
Completed 200 OK in 21ms (Views: 19.4ms | ActiveRecord: 0.2ms)


Started GET "/books/7" for ::1 at 2019-06-13 15:42:54 +0900
Processing by BooksController#show as HTML
  Parameters: {"id"=>"7"}
  [1m[36mBook Load (0.2ms)[0m  [1m[34mSELECT  "books".* FROM "books" WHERE "books"."id" = ? LIMIT ?[0m  [["id", 7], ["LIMIT", 1]]
  â†³ app/controllers/books_controller.rb:67
  Rendering books/show.html.erb within layouts/application
  [1m[36mComment Load (0.1ms)[0m  [1m[34mSELECT "comments".* FROM "comments" WHERE "comments"."commentable_id" = ? AND "comments"."commentable_type" = ?[0m  [["commentable_id", 7], ["commentable_type", "Book"]]
  â†³ app/views/books/show.html.erb:28
  Rendered books/show.html.erb within layouts/application (3.5ms)
Completed 200 OK in 20ms (Views: 18.0ms | ActiveRecord: 0.3ms)


Started POST "/books/7/comments" for ::1 at 2019-06-13 15:43:04 +0900
Processing by CommentsController#create as HTML
  Parameters: {"utf8"=>"âœ“", "authenticity_token"=>"ln7UZPlMlKlmq2gfeolHdfINj9iXHxhp3kGEhEz5QYLJw/gJfaxSo49545MoPyIWw7JNHq4yrlVUBJGVHXFtHA==", "comment"=>{"name"=>"ã„ã‹", "content"=>"æ¥½ã—ã„ã‚ˆã­"}, "commit"=>"Create Comment", "book_id"=>"7"}
  [1m[36mBook Load (0.2ms)[0m  [1m[34mSELECT  "books".* FROM "books" WHERE "books"."id" = ? LIMIT ?[0m  [["id", 7], ["LIMIT", 1]]
  â†³ app/controllers/comments_controller.rb:31
  [1m[35m (0.1ms)[0m  [1m[36mbegin transaction[0m
  â†³ app/controllers/comments_controller.rb:13
  [1m[36mComment Create (0.4ms)[0m  [1m[32mINSERT INTO "comments" ("name", "content", "commentable_id", "commentable_type", "created_at", "updated_at") VALUES (?, ?, ?, ?, ?, ?)[0m  [["name", "ã„ã‹"], ["content", "æ¥½ã—ã„ã‚ˆã­"], ["commentable_id", 7], ["commentable_type", "Book"], ["created_at", "2019-06-13 06:43:04.613676"], ["updated_at", "2019-06-13 06:43:04.613676"]]
  â†³ app/controllers/comments_controller.rb:13
  [1m[35m (0.6ms)[0m  [1m[36mcommit transaction[0m
  â†³ app/controllers/comments_controller.rb:13
Redirected to http://localhost:3000/books/7
Completed 302 Found in 5ms (ActiveRecord: 1.3ms)


Started GET "/books/7" for ::1 at 2019-06-13 15:43:04 +0900
Processing by BooksController#show as HTML
  Parameters: {"id"=>"7"}
  [1m[36mBook Load (0.1ms)[0m  [1m[34mSELECT  "books".* FROM "books" WHERE "books"."id" = ? LIMIT ?[0m  [["id", 7], ["LIMIT", 1]]
  â†³ app/controllers/books_controller.rb:67
  Rendering books/show.html.erb within layouts/application
  [1m[36mComment Load (0.1ms)[0m  [1m[34mSELECT "comments".* FROM "comments" WHERE "comments"."commentable_id" = ? AND "comments"."commentable_type" = ?[0m  [["commentable_id", 7], ["commentable_type", "Book"]]
  â†³ app/views/books/show.html.erb:28
  Rendered books/show.html.erb within layouts/application (3.2ms)
Completed 200 OK in 21ms (Views: 18.6ms | ActiveRecord: 0.3ms)


Started DELETE "/books/7/comments/3" for ::1 at 2019-06-13 15:43:06 +0900
Processing by CommentsController#destroy as HTML
  Parameters: {"authenticity_token"=>"DspCq3nw6xyLBI2Cw1pmcQBfwcCqUgtfARY1IUVmEK1Rd27G/RAtFmLWBg6R7AMSMeADBpN/vWOLUyAwFO48Mw==", "book_id"=>"7", "id"=>"3"}
  [1m[36mBook Load (0.1ms)[0m  [1m[34mSELECT  "books".* FROM "books" WHERE "books"."id" = ? LIMIT ?[0m  [["id", 7], ["LIMIT", 1]]
  â†³ app/controllers/comments_controller.rb:31
  [1m[36mComment Load (0.1ms)[0m  [1m[34mSELECT  "comments".* FROM "comments" WHERE "comments"."commentable_id" = ? AND "comments"."commentable_type" = ? AND "comments"."id" = ? LIMIT ?[0m  [["commentable_id", 7], ["commentable_type", "Book"], ["id", 3], ["LIMIT", 1]]
  â†³ app/controllers/comments_controller.rb:18
  [1m[35m (0.1ms)[0m  [1m[36mbegin transaction[0m
  â†³ app/controllers/comments_controller.rb:19
  [1m[36mComment Destroy (0.3ms)[0m  [1m[31mDELETE FROM "comments" WHERE "comments"."id" = ?[0m  [["id", 3]]
  â†³ app/controllers/comments_controller.rb:19
  [1m[35m (0.9ms)[0m  [1m[36mcommit transaction[0m
  â†³ app/controllers/comments_controller.rb:19
Redirected to http://localhost:3000/books/7
Completed 302 Found in 4ms (ActiveRecord: 1.5ms)


Started GET "/books/7" for ::1 at 2019-06-13 15:43:06 +0900
Processing by BooksController#show as HTML
  Parameters: {"id"=>"7"}
  [1m[36mBook Load (0.2ms)[0m  [1m[34mSELECT  "books".* FROM "books" WHERE "books"."id" = ? LIMIT ?[0m  [["id", 7], ["LIMIT", 1]]
  â†³ app/controllers/books_controller.rb:67
  Rendering books/show.html.erb within layouts/application
  [1m[36mComment Load (0.1ms)[0m  [1m[34mSELECT "comments".* FROM "comments" WHERE "comments"."commentable_id" = ? AND "comments"."commentable_type" = ?[0m  [["commentable_id", 7], ["commentable_type", "Book"]]
  â†³ app/views/books/show.html.erb:28
  Rendered books/show.html.erb within layouts/application (2.9ms)
Completed 200 OK in 21ms (Views: 18.2ms | ActiveRecord: 0.4ms)


Started DELETE "/reports/1/comments/2" for ::1 at 2019-06-13 15:43:15 +0900
Processing by CommentsController#destroy as HTML
  Parameters: {"authenticity_token"=>"V/i8cfoT98Sr1+fk0p8lWbOiDRObvfWtNvXlS0nma3EIRZAcfvMxzkIFbGiAKUA6gh3P1aKQQ5G8sPBaGG5H7w==", "report_id"=>"1", "id"=>"2"}
  [1m[36mReport Load (0.1ms)[0m  [1m[34mSELECT  "reports".* FROM "reports" WHERE "reports"."id" = ? LIMIT ?[0m  [["id", 1], ["LIMIT", 1]]
  â†³ app/controllers/comments_controller.rb:31
  [1m[36mComment Load (0.1ms)[0m  [1m[34mSELECT  "comments".* FROM "comments" WHERE "comments"."commentable_id" = ? AND "comments"."commentable_type" = ? AND "comments"."id" = ? LIMIT ?[0m  [["commentable_id", 1], ["commentable_type", "Report"], ["id", 2], ["LIMIT", 1]]
  â†³ app/controllers/comments_controller.rb:18
  [1m[35m (0.0ms)[0m  [1m[36mbegin transaction[0m
  â†³ app/controllers/comments_controller.rb:19
  [1m[36mComment Destroy (0.3ms)[0m  [1m[31mDELETE FROM "comments" WHERE "comments"."id" = ?[0m  [["id", 2]]
  â†³ app/controllers/comments_controller.rb:19
  [1m[35m (0.7ms)[0m  [1m[36mcommit transaction[0m
  â†³ app/controllers/comments_controller.rb:19
Redirected to http://localhost:3000/reports/1
Completed 302 Found in 12ms (ActiveRecord: 1.7ms)


Started GET "/reports/1" for ::1 at 2019-06-13 15:43:15 +0900
Processing by ReportsController#show as HTML
  Parameters: {"id"=>"1"}
  [1m[36mReport Load (0.1ms)[0m  [1m[34mSELECT  "reports".* FROM "reports" WHERE "reports"."id" = ? LIMIT ?[0m  [["id", 1], ["LIMIT", 1]]
  â†³ app/controllers/reports_controller.rb:67
  Rendering reports/show.html.erb within layouts/application
  [1m[36mComment Load (0.1ms)[0m  [1m[34mSELECT "comments".* FROM "comments" WHERE "comments"."commentable_id" = ? AND "comments"."commentable_type" = ?[0m  [["commentable_id", 1], ["commentable_type", "Report"]]
  â†³ app/views/reports/show.html.erb:18
  Rendered reports/show.html.erb within layouts/application (2.9ms)
Completed 200 OK in 19ms (Views: 18.0ms | ActiveRecord: 0.2ms)


Started POST "/reports/1/comments" for ::1 at 2019-06-13 15:43:24 +0900
Processing by CommentsController#create as HTML
  Parameters: {"utf8"=>"âœ“", "authenticity_token"=>"DQN8J0QqNOYZTllC5FPeU2yYvtAisQdBJKQgix3kceNSvlBKwMry7PCc0s625bswXSd8FhucsX2u4TWaTGxdfQ==", "comment"=>{"name"=>"ãŸã“", "content"=>"ãŠã¤ã‹ã‚Œã•ã¾"}, "commit"=>"Create Comment", "report_id"=>"1"}
  [1m[36mReport Load (0.1ms)[0m  [1m[34mSELECT  "reports".* FROM "reports" WHERE "reports"."id" = ? LIMIT ?[0m  [["id", 1], ["LIMIT", 1]]
  â†³ app/controllers/comments_controller.rb:31
  [1m[35m (0.0ms)[0m  [1m[36mbegin transaction[0m
  â†³ app/controllers/comments_controller.rb:13
  [1m[36mComment Create (0.3ms)[0m  [1m[32mINSERT INTO "comments" ("name", "content", "commentable_id", "commentable_type", "created_at", "updated_at") VALUES (?, ?, ?, ?, ?, ?)[0m  [["name", "ãŸã“"], ["content", "ãŠã¤ã‹ã‚Œã•ã¾"], ["commentable_id", 1], ["commentable_type", "Report"], ["created_at", "2019-06-13 06:43:24.861806"], ["updated_at", "2019-06-13 06:43:24.861806"]]
  â†³ app/controllers/comments_controller.rb:13
  [1m[35m (0.6ms)[0m  [1m[36mcommit transaction[0m
  â†³ app/controllers/comments_controller.rb:13
Redirected to http://localhost:3000/reports/1
Completed 302 Found in 4ms (ActiveRecord: 1.1ms)


Started GET "/reports/1" for ::1 at 2019-06-13 15:43:24 +0900
Processing by ReportsController#show as HTML
  Parameters: {"id"=>"1"}
  [1m[36mReport Load (0.1ms)[0m  [1m[34mSELECT  "reports".* FROM "reports" WHERE "reports"."id" = ? LIMIT ?[0m  [["id", 1], ["LIMIT", 1]]
  â†³ app/controllers/reports_controller.rb:67
  Rendering reports/show.html.erb within layouts/application
  [1m[36mComment Load (0.1ms)[0m  [1m[34mSELECT "comments".* FROM "comments" WHERE "comments"."commentable_id" = ? AND "comments"."commentable_type" = ?[0m  [["commentable_id", 1], ["commentable_type", "Report"]]
  â†³ app/views/reports/show.html.erb:18
  Rendered reports/show.html.erb within layouts/application (3.5ms)
Completed 200 OK in 22ms (Views: 19.9ms | ActiveRecord: 0.2ms)


